2024-04-03 00:00:29,791 [ERROR] LogOutputStream:75 - [STDERR_REDIRECT] Apr 03, 2024 12:00:29 AM java.util.prefs.FileSystemPreferences checkLockFile0ErrorCode
2024-04-03 00:00:29,793 [ERROR] LogOutputStream:75 - [STDERR_REDIRECT] WARNING: Could not lock System prefs. Unix error code 29682.
2024-04-03 00:00:29,793 [ERROR] LogOutputStream:75 - [STDERR_REDIRECT] 
2024-04-03 00:00:29,793 [ERROR] LogOutputStream:75 - [STDERR_REDIRECT] Apr 03, 2024 12:00:29 AM java.util.prefs.FileSystemPreferences syncWorld
2024-04-03 00:00:29,793 [ERROR] LogOutputStream:75 - [STDERR_REDIRECT] WARNING: Couldn't flush system prefs: java.util.prefs.BackingStoreException: Couldn't get file lock.
2024-04-03 00:00:29,793 [ERROR] LogOutputStream:75 - [STDERR_REDIRECT] 
2024-04-03 00:00:32,774 [INFO] LogOutputStream:77 - [STDOUT_REDIRECT] This download action requires prior login. To proceed, please use the 'login' command with your my.st.com account email and password.
2024-04-03 00:00:32,774 [INFO] LogOutputStream:77 - [STDOUT_REDIRECT] Run 'login <email> <password> <remember_me>' for example 'login john.smith@st.com mypassword y'.
2024-04-03 00:00:32,774 [INFO] LogOutputStream:77 - [STDOUT_REDIRECT] If you do not have a my.st.com account, please visit https://st.com website to create one.
2024-04-03 00:00:59,792 [ERROR] LogOutputStream:75 - [STDERR_REDIRECT] Apr 03, 2024 12:00:59 AM java.util.prefs.FileSystemPreferences checkLockFile0ErrorCode
2024-04-03 00:00:59,792 [ERROR] LogOutputStream:75 - [STDERR_REDIRECT] WARNING: Could not lock System prefs. Unix error code 29682.
2024-04-03 00:00:59,792 [ERROR] LogOutputStream:75 - [STDERR_REDIRECT] 
2024-04-03 00:00:59,792 [ERROR] LogOutputStream:75 - [STDERR_REDIRECT] Apr 03, 2024 12:00:59 AM java.util.prefs.FileSystemPreferences syncWorld
2024-04-03 00:00:59,792 [ERROR] LogOutputStream:75 - [STDERR_REDIRECT] WARNING: Couldn't flush system prefs: java.util.prefs.BackingStoreException: Couldn't get file lock.
2024-04-03 00:00:59,792 [ERROR] LogOutputStream:75 - [STDERR_REDIRECT] 
2024-04-03 00:01:29,791 [ERROR] LogOutputStream:75 - [STDERR_REDIRECT] Apr 03, 2024 12:01:29 AM java.util.prefs.FileSystemPreferences checkLockFile0ErrorCode
2024-04-03 00:01:29,791 [ERROR] LogOutputStream:75 - [STDERR_REDIRECT] WARNING: Could not lock System prefs. Unix error code 29682.
2024-04-03 00:01:29,791 [ERROR] LogOutputStream:75 - [STDERR_REDIRECT] 
2024-04-03 00:01:29,791 [ERROR] LogOutputStream:75 - [STDERR_REDIRECT] Apr 03, 2024 12:01:29 AM java.util.prefs.FileSystemPreferences syncWorld
2024-04-03 00:01:29,791 [ERROR] LogOutputStream:75 - [STDERR_REDIRECT] WARNING: Couldn't flush system prefs: java.util.prefs.BackingStoreException: Couldn't get file lock.
2024-04-03 00:01:29,791 [ERROR] LogOutputStream:75 - [STDERR_REDIRECT] 
2024-04-03 00:01:30,228 [INFO] LogOutputStream:77 - [STDOUT_REDIRECT] This download action requires prior login. To proceed, please use the 'login' command with your my.st.com account email and password.
2024-04-03 00:01:30,228 [INFO] LogOutputStream:77 - [STDOUT_REDIRECT] Run 'login <email> <password> <remember_me>' for example 'login john.smith@st.com mypassword y'.
2024-04-03 00:01:30,228 [INFO] LogOutputStream:77 - [STDOUT_REDIRECT] If you do not have a my.st.com account, please visit https://st.com website to create one.
2024-04-03 00:01:59,792 [ERROR] LogOutputStream:75 - [STDERR_REDIRECT] Apr 03, 2024 12:01:59 AM java.util.prefs.FileSystemPreferences checkLockFile0ErrorCode
2024-04-03 00:01:59,792 [ERROR] LogOutputStream:75 - [STDERR_REDIRECT] WARNING: Could not lock System prefs. Unix error code 29682.
2024-04-03 00:01:59,792 [ERROR] LogOutputStream:75 - [STDERR_REDIRECT] 
2024-04-03 00:01:59,792 [ERROR] LogOutputStream:75 - [STDERR_REDIRECT] Apr 03, 2024 12:01:59 AM java.util.prefs.FileSystemPreferences syncWorld
2024-04-03 00:01:59,792 [ERROR] LogOutputStream:75 - [STDERR_REDIRECT] WARNING: Couldn't flush system prefs: java.util.prefs.BackingStoreException: Couldn't get file lock.
2024-04-03 00:01:59,792 [ERROR] LogOutputStream:75 - [STDERR_REDIRECT] 
2024-04-03 00:02:29,791 [ERROR] LogOutputStream:75 - [STDERR_REDIRECT] Apr 03, 2024 12:02:29 AM java.util.prefs.FileSystemPreferences checkLockFile0ErrorCode
2024-04-03 00:02:29,791 [ERROR] LogOutputStream:75 - [STDERR_REDIRECT] WARNING: Could not lock System prefs. Unix error code 29682.
2024-04-03 00:02:29,791 [ERROR] LogOutputStream:75 - [STDERR_REDIRECT] 
2024-04-03 00:02:29,791 [ERROR] LogOutputStream:75 - [STDERR_REDIRECT] Apr 03, 2024 12:02:29 AM java.util.prefs.FileSystemPreferences syncWorld
2024-04-03 00:02:29,791 [ERROR] LogOutputStream:75 - [STDERR_REDIRECT] WARNING: Couldn't flush system prefs: java.util.prefs.BackingStoreException: Couldn't get file lock.
2024-04-03 00:02:29,791 [ERROR] LogOutputStream:75 - [STDERR_REDIRECT] 
2024-04-03 00:02:59,791 [ERROR] LogOutputStream:75 - [STDERR_REDIRECT] Apr 03, 2024 12:02:59 AM java.util.prefs.FileSystemPreferences checkLockFile0ErrorCode
2024-04-03 00:02:59,791 [ERROR] LogOutputStream:75 - [STDERR_REDIRECT] WARNING: Could not lock System prefs. Unix error code 29682.
2024-04-03 00:02:59,791 [ERROR] LogOutputStream:75 - [STDERR_REDIRECT] 
2024-04-03 00:02:59,791 [ERROR] LogOutputStream:75 - [STDERR_REDIRECT] Apr 03, 2024 12:02:59 AM java.util.prefs.FileSystemPreferences syncWorld
2024-04-03 00:02:59,791 [ERROR] LogOutputStream:75 - [STDERR_REDIRECT] WARNING: Couldn't flush system prefs: java.util.prefs.BackingStoreException: Couldn't get file lock.
2024-04-03 00:02:59,791 [ERROR] LogOutputStream:75 - [STDERR_REDIRECT] 
2024-04-03 00:03:29,791 [ERROR] LogOutputStream:75 - [STDERR_REDIRECT] Apr 03, 2024 12:03:29 AM java.util.prefs.FileSystemPreferences checkLockFile0ErrorCode
2024-04-03 00:03:29,791 [ERROR] LogOutputStream:75 - [STDERR_REDIRECT] WARNING: Could not lock System prefs. Unix error code 29682.
2024-04-03 00:03:29,791 [ERROR] LogOutputStream:75 - [STDERR_REDIRECT] 
2024-04-03 00:03:29,791 [ERROR] LogOutputStream:75 - [STDERR_REDIRECT] Apr 03, 2024 12:03:29 AM java.util.prefs.FileSystemPreferences syncWorld
2024-04-03 00:03:29,791 [ERROR] LogOutputStream:75 - [STDERR_REDIRECT] WARNING: Couldn't flush system prefs: java.util.prefs.BackingStoreException: Couldn't get file lock.
2024-04-03 00:03:29,791 [ERROR] LogOutputStream:75 - [STDERR_REDIRECT] 
2024-04-03 00:03:59,791 [ERROR] LogOutputStream:75 - [STDERR_REDIRECT] Apr 03, 2024 12:03:59 AM java.util.prefs.FileSystemPreferences checkLockFile0ErrorCode
2024-04-03 00:03:59,791 [ERROR] LogOutputStream:75 - [STDERR_REDIRECT] WARNING: Could not lock System prefs. Unix error code 29682.
2024-04-03 00:03:59,791 [ERROR] LogOutputStream:75 - [STDERR_REDIRECT] 
2024-04-03 00:03:59,791 [ERROR] LogOutputStream:75 - [STDERR_REDIRECT] Apr 03, 2024 12:03:59 AM java.util.prefs.FileSystemPreferences syncWorld
2024-04-03 00:03:59,791 [ERROR] LogOutputStream:75 - [STDERR_REDIRECT] WARNING: Couldn't flush system prefs: java.util.prefs.BackingStoreException: Couldn't get file lock.
2024-04-03 00:03:59,791 [ERROR] LogOutputStream:75 - [STDERR_REDIRECT] 
2024-04-03 00:04:29,791 [ERROR] LogOutputStream:75 - [STDERR_REDIRECT] Apr 03, 2024 12:04:29 AM java.util.prefs.FileSystemPreferences checkLockFile0ErrorCode
2024-04-03 00:04:29,791 [ERROR] LogOutputStream:75 - [STDERR_REDIRECT] WARNING: Could not lock System prefs. Unix error code 29682.
2024-04-03 00:04:29,791 [ERROR] LogOutputStream:75 - [STDERR_REDIRECT] 
2024-04-03 00:04:29,791 [ERROR] LogOutputStream:75 - [STDERR_REDIRECT] Apr 03, 2024 12:04:29 AM java.util.prefs.FileSystemPreferences syncWorld
2024-04-03 00:04:29,791 [ERROR] LogOutputStream:75 - [STDERR_REDIRECT] WARNING: Couldn't flush system prefs: java.util.prefs.BackingStoreException: Couldn't get file lock.
2024-04-03 00:04:29,791 [ERROR] LogOutputStream:75 - [STDERR_REDIRECT] 
2024-04-03 00:04:59,791 [ERROR] LogOutputStream:75 - [STDERR_REDIRECT] Apr 03, 2024 12:04:59 AM java.util.prefs.FileSystemPreferences checkLockFile0ErrorCode
2024-04-03 00:04:59,791 [ERROR] LogOutputStream:75 - [STDERR_REDIRECT] WARNING: Could not lock System prefs. Unix error code 29682.
2024-04-03 00:04:59,791 [ERROR] LogOutputStream:75 - [STDERR_REDIRECT] 
2024-04-03 00:04:59,791 [ERROR] LogOutputStream:75 - [STDERR_REDIRECT] Apr 03, 2024 12:04:59 AM java.util.prefs.FileSystemPreferences syncWorld
2024-04-03 00:04:59,791 [ERROR] LogOutputStream:75 - [STDERR_REDIRECT] WARNING: Couldn't flush system prefs: java.util.prefs.BackingStoreException: Couldn't get file lock.
2024-04-03 00:04:59,791 [ERROR] LogOutputStream:75 - [STDERR_REDIRECT] 
2024-04-03 00:05:29,791 [ERROR] LogOutputStream:75 - [STDERR_REDIRECT] Apr 03, 2024 12:05:29 AM java.util.prefs.FileSystemPreferences checkLockFile0ErrorCode
2024-04-03 00:05:29,791 [ERROR] LogOutputStream:75 - [STDERR_REDIRECT] WARNING: Could not lock System prefs. Unix error code 29682.
2024-04-03 00:05:29,791 [ERROR] LogOutputStream:75 - [STDERR_REDIRECT] 
2024-04-03 00:05:29,791 [ERROR] LogOutputStream:75 - [STDERR_REDIRECT] Apr 03, 2024 12:05:29 AM java.util.prefs.FileSystemPreferences syncWorld
2024-04-03 00:05:29,791 [ERROR] LogOutputStream:75 - [STDERR_REDIRECT] WARNING: Couldn't flush system prefs: java.util.prefs.BackingStoreException: Couldn't get file lock.
2024-04-03 00:05:29,791 [ERROR] LogOutputStream:75 - [STDERR_REDIRECT] 
2024-04-03 00:05:59,791 [ERROR] LogOutputStream:75 - [STDERR_REDIRECT] Apr 03, 2024 12:05:59 AM java.util.prefs.FileSystemPreferences checkLockFile0ErrorCode
2024-04-03 00:05:59,791 [ERROR] LogOutputStream:75 - [STDERR_REDIRECT] WARNING: Could not lock System prefs. Unix error code 29682.
2024-04-03 00:05:59,791 [ERROR] LogOutputStream:75 - [STDERR_REDIRECT] 
2024-04-03 00:05:59,791 [ERROR] LogOutputStream:75 - [STDERR_REDIRECT] Apr 03, 2024 12:05:59 AM java.util.prefs.FileSystemPreferences syncWorld
2024-04-03 00:05:59,791 [ERROR] LogOutputStream:75 - [STDERR_REDIRECT] WARNING: Couldn't flush system prefs: java.util.prefs.BackingStoreException: Couldn't get file lock.
2024-04-03 00:05:59,792 [ERROR] LogOutputStream:75 - [STDERR_REDIRECT] 
2024-04-03 00:06:29,791 [ERROR] LogOutputStream:75 - [STDERR_REDIRECT] Apr 03, 2024 12:06:29 AM java.util.prefs.FileSystemPreferences checkLockFile0ErrorCode
2024-04-03 00:06:29,791 [ERROR] LogOutputStream:75 - [STDERR_REDIRECT] WARNING: Could not lock System prefs. Unix error code 29682.
2024-04-03 00:06:29,792 [ERROR] LogOutputStream:75 - [STDERR_REDIRECT] 
2024-04-03 00:06:29,792 [ERROR] LogOutputStream:75 - [STDERR_REDIRECT] Apr 03, 2024 12:06:29 AM java.util.prefs.FileSystemPreferences syncWorld
2024-04-03 00:06:29,792 [ERROR] LogOutputStream:75 - [STDERR_REDIRECT] WARNING: Couldn't flush system prefs: java.util.prefs.BackingStoreException: Couldn't get file lock.
2024-04-03 00:06:29,792 [ERROR] LogOutputStream:75 - [STDERR_REDIRECT] 
2024-04-03 00:06:59,791 [ERROR] LogOutputStream:75 - [STDERR_REDIRECT] Apr 03, 2024 12:06:59 AM java.util.prefs.FileSystemPreferences checkLockFile0ErrorCode
2024-04-03 00:06:59,792 [ERROR] LogOutputStream:75 - [STDERR_REDIRECT] WARNING: Could not lock System prefs. Unix error code 29682.
2024-04-03 00:06:59,792 [ERROR] LogOutputStream:75 - [STDERR_REDIRECT] 
2024-04-03 00:06:59,792 [ERROR] LogOutputStream:75 - [STDERR_REDIRECT] Apr 03, 2024 12:06:59 AM java.util.prefs.FileSystemPreferences syncWorld
2024-04-03 00:06:59,792 [ERROR] LogOutputStream:75 - [STDERR_REDIRECT] WARNING: Couldn't flush system prefs: java.util.prefs.BackingStoreException: Couldn't get file lock.
2024-04-03 00:06:59,792 [ERROR] LogOutputStream:75 - [STDERR_REDIRECT] 
2024-04-03 00:07:29,792 [ERROR] LogOutputStream:75 - [STDERR_REDIRECT] Apr 03, 2024 12:07:29 AM java.util.prefs.FileSystemPreferences checkLockFile0ErrorCode
2024-04-03 00:07:29,792 [ERROR] LogOutputStream:75 - [STDERR_REDIRECT] WARNING: Could not lock System prefs. Unix error code 29682.
2024-04-03 00:07:29,792 [ERROR] LogOutputStream:75 - [STDERR_REDIRECT] 
2024-04-03 00:07:29,792 [ERROR] LogOutputStream:75 - [STDERR_REDIRECT] Apr 03, 2024 12:07:29 AM java.util.prefs.FileSystemPreferences syncWorld
2024-04-03 00:07:29,792 [ERROR] LogOutputStream:75 - [STDERR_REDIRECT] WARNING: Couldn't flush system prefs: java.util.prefs.BackingStoreException: Couldn't get file lock.
2024-04-03 00:07:29,792 [ERROR] LogOutputStream:75 - [STDERR_REDIRECT] 
2024-04-03 00:07:59,792 [ERROR] LogOutputStream:75 - [STDERR_REDIRECT] Apr 03, 2024 12:07:59 AM java.util.prefs.FileSystemPreferences checkLockFile0ErrorCode
2024-04-03 00:07:59,792 [ERROR] LogOutputStream:75 - [STDERR_REDIRECT] WARNING: Could not lock System prefs. Unix error code 29682.
2024-04-03 00:07:59,792 [ERROR] LogOutputStream:75 - [STDERR_REDIRECT] 
2024-04-03 00:07:59,792 [ERROR] LogOutputStream:75 - [STDERR_REDIRECT] Apr 03, 2024 12:07:59 AM java.util.prefs.FileSystemPreferences syncWorld
2024-04-03 00:07:59,792 [ERROR] LogOutputStream:75 - [STDERR_REDIRECT] WARNING: Couldn't flush system prefs: java.util.prefs.BackingStoreException: Couldn't get file lock.
2024-04-03 00:07:59,792 [ERROR] LogOutputStream:75 - [STDERR_REDIRECT] 
2024-04-03 00:08:29,792 [ERROR] LogOutputStream:75 - [STDERR_REDIRECT] Apr 03, 2024 12:08:29 AM java.util.prefs.FileSystemPreferences checkLockFile0ErrorCode
2024-04-03 00:08:29,792 [ERROR] LogOutputStream:75 - [STDERR_REDIRECT] WARNING: Could not lock System prefs. Unix error code 29682.
2024-04-03 00:08:29,792 [ERROR] LogOutputStream:75 - [STDERR_REDIRECT] 
2024-04-03 00:08:29,792 [ERROR] LogOutputStream:75 - [STDERR_REDIRECT] Apr 03, 2024 12:08:29 AM java.util.prefs.FileSystemPreferences syncWorld
2024-04-03 00:08:29,792 [ERROR] LogOutputStream:75 - [STDERR_REDIRECT] WARNING: Couldn't flush system prefs: java.util.prefs.BackingStoreException: Couldn't get file lock.
2024-04-03 00:08:29,792 [ERROR] LogOutputStream:75 - [STDERR_REDIRECT] 
2024-04-03 00:08:59,792 [ERROR] LogOutputStream:75 - [STDERR_REDIRECT] Apr 03, 2024 12:08:59 AM java.util.prefs.FileSystemPreferences checkLockFile0ErrorCode
2024-04-03 00:08:59,792 [ERROR] LogOutputStream:75 - [STDERR_REDIRECT] WARNING: Could not lock System prefs. Unix error code 29682.
2024-04-03 00:08:59,792 [ERROR] LogOutputStream:75 - [STDERR_REDIRECT] 
2024-04-03 00:08:59,792 [ERROR] LogOutputStream:75 - [STDERR_REDIRECT] Apr 03, 2024 12:08:59 AM java.util.prefs.FileSystemPreferences syncWorld
2024-04-03 00:08:59,792 [ERROR] LogOutputStream:75 - [STDERR_REDIRECT] WARNING: Couldn't flush system prefs: java.util.prefs.BackingStoreException: Couldn't get file lock.
2024-04-03 00:08:59,792 [ERROR] LogOutputStream:75 - [STDERR_REDIRECT] 
2024-04-03 00:09:29,792 [ERROR] LogOutputStream:75 - [STDERR_REDIRECT] Apr 03, 2024 12:09:29 AM java.util.prefs.FileSystemPreferences checkLockFile0ErrorCode
2024-04-03 00:09:29,792 [ERROR] LogOutputStream:75 - [STDERR_REDIRECT] WARNING: Could not lock System prefs. Unix error code 29682.
2024-04-03 00:09:29,792 [ERROR] LogOutputStream:75 - [STDERR_REDIRECT] 
2024-04-03 00:09:29,792 [ERROR] LogOutputStream:75 - [STDERR_REDIRECT] Apr 03, 2024 12:09:29 AM java.util.prefs.FileSystemPreferences syncWorld
2024-04-03 00:09:29,792 [ERROR] LogOutputStream:75 - [STDERR_REDIRECT] WARNING: Couldn't flush system prefs: java.util.prefs.BackingStoreException: Couldn't get file lock.
2024-04-03 00:09:29,792 [ERROR] LogOutputStream:75 - [STDERR_REDIRECT] 
2024-04-03 00:09:59,792 [ERROR] LogOutputStream:75 - [STDERR_REDIRECT] Apr 03, 2024 12:09:59 AM java.util.prefs.FileSystemPreferences checkLockFile0ErrorCode
2024-04-03 00:09:59,792 [ERROR] LogOutputStream:75 - [STDERR_REDIRECT] WARNING: Could not lock System prefs. Unix error code 29682.
2024-04-03 00:09:59,792 [ERROR] LogOutputStream:75 - [STDERR_REDIRECT] 
2024-04-03 00:09:59,792 [ERROR] LogOutputStream:75 - [STDERR_REDIRECT] Apr 03, 2024 12:09:59 AM java.util.prefs.FileSystemPreferences syncWorld
2024-04-03 00:09:59,792 [ERROR] LogOutputStream:75 - [STDERR_REDIRECT] WARNING: Couldn't flush system prefs: java.util.prefs.BackingStoreException: Couldn't get file lock.
2024-04-03 00:09:59,792 [ERROR] LogOutputStream:75 - [STDERR_REDIRECT] 
2024-04-03 00:10:29,792 [ERROR] LogOutputStream:75 - [STDERR_REDIRECT] Apr 03, 2024 12:10:29 AM java.util.prefs.FileSystemPreferences checkLockFile0ErrorCode
2024-04-03 00:10:29,792 [ERROR] LogOutputStream:75 - [STDERR_REDIRECT] WARNING: Could not lock System prefs. Unix error code 29682.
2024-04-03 00:10:29,792 [ERROR] LogOutputStream:75 - [STDERR_REDIRECT] 
2024-04-03 00:10:29,792 [ERROR] LogOutputStream:75 - [STDERR_REDIRECT] Apr 03, 2024 12:10:29 AM java.util.prefs.FileSystemPreferences syncWorld
2024-04-03 00:10:29,792 [ERROR] LogOutputStream:75 - [STDERR_REDIRECT] WARNING: Couldn't flush system prefs: java.util.prefs.BackingStoreException: Couldn't get file lock.
2024-04-03 00:10:29,792 [ERROR] LogOutputStream:75 - [STDERR_REDIRECT] 
2024-04-03 00:10:59,792 [ERROR] LogOutputStream:75 - [STDERR_REDIRECT] Apr 03, 2024 12:10:59 AM java.util.prefs.FileSystemPreferences checkLockFile0ErrorCode
2024-04-03 00:10:59,792 [ERROR] LogOutputStream:75 - [STDERR_REDIRECT] WARNING: Could not lock System prefs. Unix error code 29682.
2024-04-03 00:10:59,792 [ERROR] LogOutputStream:75 - [STDERR_REDIRECT] 
2024-04-03 00:10:59,792 [ERROR] LogOutputStream:75 - [STDERR_REDIRECT] Apr 03, 2024 12:10:59 AM java.util.prefs.FileSystemPreferences syncWorld
2024-04-03 00:10:59,792 [ERROR] LogOutputStream:75 - [STDERR_REDIRECT] WARNING: Couldn't flush system prefs: java.util.prefs.BackingStoreException: Couldn't get file lock.
2024-04-03 00:10:59,792 [ERROR] LogOutputStream:75 - [STDERR_REDIRECT] 
2024-04-03 00:11:29,792 [ERROR] LogOutputStream:75 - [STDERR_REDIRECT] Apr 03, 2024 12:11:29 AM java.util.prefs.FileSystemPreferences checkLockFile0ErrorCode
2024-04-03 00:11:29,792 [ERROR] LogOutputStream:75 - [STDERR_REDIRECT] WARNING: Could not lock System prefs. Unix error code 29682.
2024-04-03 00:11:29,792 [ERROR] LogOutputStream:75 - [STDERR_REDIRECT] 
2024-04-03 00:11:29,793 [ERROR] LogOutputStream:75 - [STDERR_REDIRECT] Apr 03, 2024 12:11:29 AM java.util.prefs.FileSystemPreferences syncWorld
2024-04-03 00:11:29,793 [ERROR] LogOutputStream:75 - [STDERR_REDIRECT] WARNING: Couldn't flush system prefs: java.util.prefs.BackingStoreException: Couldn't get file lock.
2024-04-03 00:11:29,793 [ERROR] LogOutputStream:75 - [STDERR_REDIRECT] 
2024-04-03 00:11:59,791 [ERROR] LogOutputStream:75 - [STDERR_REDIRECT] Apr 03, 2024 12:11:59 AM java.util.prefs.FileSystemPreferences checkLockFile0ErrorCode
2024-04-03 00:11:59,791 [ERROR] LogOutputStream:75 - [STDERR_REDIRECT] WARNING: Could not lock System prefs. Unix error code 29682.
2024-04-03 00:11:59,791 [ERROR] LogOutputStream:75 - [STDERR_REDIRECT] 
2024-04-03 00:11:59,792 [ERROR] LogOutputStream:75 - [STDERR_REDIRECT] Apr 03, 2024 12:11:59 AM java.util.prefs.FileSystemPreferences syncWorld
2024-04-03 00:11:59,792 [ERROR] LogOutputStream:75 - [STDERR_REDIRECT] WARNING: Couldn't flush system prefs: java.util.prefs.BackingStoreException: Couldn't get file lock.
2024-04-03 00:11:59,792 [ERROR] LogOutputStream:75 - [STDERR_REDIRECT] 
2024-04-03 00:12:29,792 [ERROR] LogOutputStream:75 - [STDERR_REDIRECT] Apr 03, 2024 12:12:29 AM java.util.prefs.FileSystemPreferences checkLockFile0ErrorCode
2024-04-03 00:12:29,792 [ERROR] LogOutputStream:75 - [STDERR_REDIRECT] WARNING: Could not lock System prefs. Unix error code 29682.
2024-04-03 00:12:29,792 [ERROR] LogOutputStream:75 - [STDERR_REDIRECT] 
2024-04-03 00:12:29,792 [ERROR] LogOutputStream:75 - [STDERR_REDIRECT] Apr 03, 2024 12:12:29 AM java.util.prefs.FileSystemPreferences syncWorld
2024-04-03 00:12:29,792 [ERROR] LogOutputStream:75 - [STDERR_REDIRECT] WARNING: Couldn't flush system prefs: java.util.prefs.BackingStoreException: Couldn't get file lock.
2024-04-03 00:12:29,792 [ERROR] LogOutputStream:75 - [STDERR_REDIRECT] 
2024-04-03 00:12:59,792 [ERROR] LogOutputStream:75 - [STDERR_REDIRECT] Apr 03, 2024 12:12:59 AM java.util.prefs.FileSystemPreferences checkLockFile0ErrorCode
2024-04-03 00:12:59,792 [ERROR] LogOutputStream:75 - [STDERR_REDIRECT] WARNING: Could not lock System prefs. Unix error code 29682.
2024-04-03 00:12:59,792 [ERROR] LogOutputStream:75 - [STDERR_REDIRECT] 
2024-04-03 00:12:59,792 [ERROR] LogOutputStream:75 - [STDERR_REDIRECT] Apr 03, 2024 12:12:59 AM java.util.prefs.FileSystemPreferences syncWorld
2024-04-03 00:12:59,792 [ERROR] LogOutputStream:75 - [STDERR_REDIRECT] WARNING: Couldn't flush system prefs: java.util.prefs.BackingStoreException: Couldn't get file lock.
2024-04-03 00:12:59,792 [ERROR] LogOutputStream:75 - [STDERR_REDIRECT] 
2024-04-03 00:13:18,724 [INFO] LogOutputStream:77 - [STDOUT_REDIRECT] This download action requires prior login. To proceed, please use the 'login' command with your my.st.com account email and password.
2024-04-03 00:13:18,724 [INFO] LogOutputStream:77 - [STDOUT_REDIRECT] Run 'login <email> <password> <remember_me>' for example 'login john.smith@st.com mypassword y'.
2024-04-03 00:13:18,724 [INFO] LogOutputStream:77 - [STDOUT_REDIRECT] If you do not have a my.st.com account, please visit https://st.com website to create one.
2024-04-03 00:13:29,794 [ERROR] LogOutputStream:75 - [STDERR_REDIRECT] Apr 03, 2024 12:13:29 AM java.util.prefs.FileSystemPreferences checkLockFile0ErrorCode
2024-04-03 00:13:29,794 [ERROR] LogOutputStream:75 - [STDERR_REDIRECT] WARNING: Could not lock System prefs. Unix error code 29682.
2024-04-03 00:13:29,794 [ERROR] LogOutputStream:75 - [STDERR_REDIRECT] 
2024-04-03 00:13:29,794 [ERROR] LogOutputStream:75 - [STDERR_REDIRECT] Apr 03, 2024 12:13:29 AM java.util.prefs.FileSystemPreferences syncWorld
2024-04-03 00:13:29,794 [ERROR] LogOutputStream:75 - [STDERR_REDIRECT] WARNING: Couldn't flush system prefs: java.util.prefs.BackingStoreException: Couldn't get file lock.
2024-04-03 00:13:29,794 [ERROR] LogOutputStream:75 - [STDERR_REDIRECT] 
2024-04-03 00:13:42,517 [INFO] LogOutputStream:77 - [STDOUT_REDIRECT] This download action requires prior login. To proceed, please use the 'login' command with your my.st.com account email and password.
2024-04-03 00:13:42,517 [INFO] LogOutputStream:77 - [STDOUT_REDIRECT] Run 'login <email> <password> <remember_me>' for example 'login john.smith@st.com mypassword y'.
2024-04-03 00:13:42,517 [INFO] LogOutputStream:77 - [STDOUT_REDIRECT] If you do not have a my.st.com account, please visit https://st.com website to create one.
2024-04-03 00:13:59,793 [ERROR] LogOutputStream:75 - [STDERR_REDIRECT] Apr 03, 2024 12:13:59 AM java.util.prefs.FileSystemPreferences checkLockFile0ErrorCode
2024-04-03 00:13:59,793 [ERROR] LogOutputStream:75 - [STDERR_REDIRECT] WARNING: Could not lock System prefs. Unix error code 29682.
2024-04-03 00:13:59,793 [ERROR] LogOutputStream:75 - [STDERR_REDIRECT] 
2024-04-03 00:13:59,793 [ERROR] LogOutputStream:75 - [STDERR_REDIRECT] Apr 03, 2024 12:13:59 AM java.util.prefs.FileSystemPreferences syncWorld
2024-04-03 00:13:59,793 [ERROR] LogOutputStream:75 - [STDERR_REDIRECT] WARNING: Couldn't flush system prefs: java.util.prefs.BackingStoreException: Couldn't get file lock.
2024-04-03 00:13:59,793 [ERROR] LogOutputStream:75 - [STDERR_REDIRECT] 
2024-04-03 00:14:29,794 [ERROR] LogOutputStream:75 - [STDERR_REDIRECT] Apr 03, 2024 12:14:29 AM java.util.prefs.FileSystemPreferences checkLockFile0ErrorCode
2024-04-03 00:14:29,794 [ERROR] LogOutputStream:75 - [STDERR_REDIRECT] WARNING: Could not lock System prefs. Unix error code 29682.
2024-04-03 00:14:29,794 [ERROR] LogOutputStream:75 - [STDERR_REDIRECT] 
2024-04-03 00:14:29,794 [ERROR] LogOutputStream:75 - [STDERR_REDIRECT] Apr 03, 2024 12:14:29 AM java.util.prefs.FileSystemPreferences syncWorld
2024-04-03 00:14:29,794 [ERROR] LogOutputStream:75 - [STDERR_REDIRECT] WARNING: Couldn't flush system prefs: java.util.prefs.BackingStoreException: Couldn't get file lock.
2024-04-03 00:14:29,794 [ERROR] LogOutputStream:75 - [STDERR_REDIRECT] 
2024-04-03 00:14:59,793 [ERROR] LogOutputStream:75 - [STDERR_REDIRECT] Apr 03, 2024 12:14:59 AM java.util.prefs.FileSystemPreferences checkLockFile0ErrorCode
2024-04-03 00:14:59,793 [ERROR] LogOutputStream:75 - [STDERR_REDIRECT] WARNING: Could not lock System prefs. Unix error code 29682.
2024-04-03 00:14:59,793 [ERROR] LogOutputStream:75 - [STDERR_REDIRECT] 
2024-04-03 00:14:59,793 [ERROR] LogOutputStream:75 - [STDERR_REDIRECT] Apr 03, 2024 12:14:59 AM java.util.prefs.FileSystemPreferences syncWorld
2024-04-03 00:14:59,793 [ERROR] LogOutputStream:75 - [STDERR_REDIRECT] WARNING: Couldn't flush system prefs: java.util.prefs.BackingStoreException: Couldn't get file lock.
2024-04-03 00:14:59,793 [ERROR] LogOutputStream:75 - [STDERR_REDIRECT] 
2024-04-03 00:15:29,793 [ERROR] LogOutputStream:75 - [STDERR_REDIRECT] Apr 03, 2024 12:15:29 AM java.util.prefs.FileSystemPreferences checkLockFile0ErrorCode
2024-04-03 00:15:29,793 [ERROR] LogOutputStream:75 - [STDERR_REDIRECT] WARNING: Could not lock System prefs. Unix error code 29682.
2024-04-03 00:15:29,793 [ERROR] LogOutputStream:75 - [STDERR_REDIRECT] 
2024-04-03 00:15:29,794 [ERROR] LogOutputStream:75 - [STDERR_REDIRECT] Apr 03, 2024 12:15:29 AM java.util.prefs.FileSystemPreferences syncWorld
2024-04-03 00:15:29,794 [ERROR] LogOutputStream:75 - [STDERR_REDIRECT] WARNING: Couldn't flush system prefs: java.util.prefs.BackingStoreException: Couldn't get file lock.
2024-04-03 00:15:29,794 [ERROR] LogOutputStream:75 - [STDERR_REDIRECT] 
2024-04-03 00:15:59,793 [ERROR] LogOutputStream:75 - [STDERR_REDIRECT] Apr 03, 2024 12:15:59 AM java.util.prefs.FileSystemPreferences checkLockFile0ErrorCode
2024-04-03 00:15:59,793 [ERROR] LogOutputStream:75 - [STDERR_REDIRECT] WARNING: Could not lock System prefs. Unix error code 29682.
2024-04-03 00:15:59,793 [ERROR] LogOutputStream:75 - [STDERR_REDIRECT] 
2024-04-03 00:15:59,793 [ERROR] LogOutputStream:75 - [STDERR_REDIRECT] Apr 03, 2024 12:15:59 AM java.util.prefs.FileSystemPreferences syncWorld
2024-04-03 00:15:59,793 [ERROR] LogOutputStream:75 - [STDERR_REDIRECT] WARNING: Couldn't flush system prefs: java.util.prefs.BackingStoreException: Couldn't get file lock.
2024-04-03 00:15:59,793 [ERROR] LogOutputStream:75 - [STDERR_REDIRECT] 
2024-04-03 00:16:29,793 [ERROR] LogOutputStream:75 - [STDERR_REDIRECT] Apr 03, 2024 12:16:29 AM java.util.prefs.FileSystemPreferences checkLockFile0ErrorCode
2024-04-03 00:16:29,793 [ERROR] LogOutputStream:75 - [STDERR_REDIRECT] WARNING: Could not lock System prefs. Unix error code 29682.
2024-04-03 00:16:29,793 [ERROR] LogOutputStream:75 - [STDERR_REDIRECT] 
2024-04-03 00:16:29,793 [ERROR] LogOutputStream:75 - [STDERR_REDIRECT] Apr 03, 2024 12:16:29 AM java.util.prefs.FileSystemPreferences syncWorld
2024-04-03 00:16:29,793 [ERROR] LogOutputStream:75 - [STDERR_REDIRECT] WARNING: Couldn't flush system prefs: java.util.prefs.BackingStoreException: Couldn't get file lock.
2024-04-03 00:16:29,793 [ERROR] LogOutputStream:75 - [STDERR_REDIRECT] 
2024-04-03 00:16:59,793 [ERROR] LogOutputStream:75 - [STDERR_REDIRECT] Apr 03, 2024 12:16:59 AM java.util.prefs.FileSystemPreferences checkLockFile0ErrorCode
2024-04-03 00:16:59,793 [ERROR] LogOutputStream:75 - [STDERR_REDIRECT] WARNING: Could not lock System prefs. Unix error code 29682.
2024-04-03 00:16:59,793 [ERROR] LogOutputStream:75 - [STDERR_REDIRECT] 
2024-04-03 00:16:59,793 [ERROR] LogOutputStream:75 - [STDERR_REDIRECT] Apr 03, 2024 12:16:59 AM java.util.prefs.FileSystemPreferences syncWorld
2024-04-03 00:16:59,793 [ERROR] LogOutputStream:75 - [STDERR_REDIRECT] WARNING: Couldn't flush system prefs: java.util.prefs.BackingStoreException: Couldn't get file lock.
2024-04-03 00:16:59,793 [ERROR] LogOutputStream:75 - [STDERR_REDIRECT] 
2024-04-03 00:17:29,794 [ERROR] LogOutputStream:75 - [STDERR_REDIRECT] Apr 03, 2024 12:17:29 AM java.util.prefs.FileSystemPreferences checkLockFile0ErrorCode
2024-04-03 00:17:29,794 [ERROR] LogOutputStream:75 - [STDERR_REDIRECT] WARNING: Could not lock System prefs. Unix error code 29682.
2024-04-03 00:17:29,794 [ERROR] LogOutputStream:75 - [STDERR_REDIRECT] 
2024-04-03 00:17:29,794 [ERROR] LogOutputStream:75 - [STDERR_REDIRECT] Apr 03, 2024 12:17:29 AM java.util.prefs.FileSystemPreferences syncWorld
2024-04-03 00:17:29,794 [ERROR] LogOutputStream:75 - [STDERR_REDIRECT] WARNING: Couldn't flush system prefs: java.util.prefs.BackingStoreException: Couldn't get file lock.
2024-04-03 00:17:29,794 [ERROR] LogOutputStream:75 - [STDERR_REDIRECT] 
2024-04-03 00:17:59,793 [ERROR] LogOutputStream:75 - [STDERR_REDIRECT] Apr 03, 2024 12:17:59 AM java.util.prefs.FileSystemPreferences checkLockFile0ErrorCode
2024-04-03 00:17:59,793 [ERROR] LogOutputStream:75 - [STDERR_REDIRECT] WARNING: Could not lock System prefs. Unix error code 29682.
2024-04-03 00:17:59,793 [ERROR] LogOutputStream:75 - [STDERR_REDIRECT] 
2024-04-03 00:17:59,793 [ERROR] LogOutputStream:75 - [STDERR_REDIRECT] Apr 03, 2024 12:17:59 AM java.util.prefs.FileSystemPreferences syncWorld
2024-04-03 00:17:59,793 [ERROR] LogOutputStream:75 - [STDERR_REDIRECT] WARNING: Couldn't flush system prefs: java.util.prefs.BackingStoreException: Couldn't get file lock.
2024-04-03 00:17:59,793 [ERROR] LogOutputStream:75 - [STDERR_REDIRECT] 
2024-04-03 00:18:29,793 [ERROR] LogOutputStream:75 - [STDERR_REDIRECT] Apr 03, 2024 12:18:29 AM java.util.prefs.FileSystemPreferences checkLockFile0ErrorCode
2024-04-03 00:18:29,793 [ERROR] LogOutputStream:75 - [STDERR_REDIRECT] WARNING: Could not lock System prefs. Unix error code 29682.
2024-04-03 00:18:29,793 [ERROR] LogOutputStream:75 - [STDERR_REDIRECT] 
2024-04-03 00:18:29,793 [ERROR] LogOutputStream:75 - [STDERR_REDIRECT] Apr 03, 2024 12:18:29 AM java.util.prefs.FileSystemPreferences syncWorld
2024-04-03 00:18:29,793 [ERROR] LogOutputStream:75 - [STDERR_REDIRECT] WARNING: Couldn't flush system prefs: java.util.prefs.BackingStoreException: Couldn't get file lock.
2024-04-03 00:18:29,793 [ERROR] LogOutputStream:75 - [STDERR_REDIRECT] 
2024-04-03 00:18:59,793 [ERROR] LogOutputStream:75 - [STDERR_REDIRECT] Apr 03, 2024 12:18:59 AM java.util.prefs.FileSystemPreferences checkLockFile0ErrorCode
2024-04-03 00:18:59,794 [ERROR] LogOutputStream:75 - [STDERR_REDIRECT] WARNING: Could not lock System prefs. Unix error code 29682.
2024-04-03 00:18:59,794 [ERROR] LogOutputStream:75 - [STDERR_REDIRECT] 
2024-04-03 00:18:59,794 [ERROR] LogOutputStream:75 - [STDERR_REDIRECT] Apr 03, 2024 12:18:59 AM java.util.prefs.FileSystemPreferences syncWorld
2024-04-03 00:18:59,794 [ERROR] LogOutputStream:75 - [STDERR_REDIRECT] WARNING: Couldn't flush system prefs: java.util.prefs.BackingStoreException: Couldn't get file lock.
2024-04-03 00:18:59,794 [ERROR] LogOutputStream:75 - [STDERR_REDIRECT] 
2024-04-03 00:19:29,793 [ERROR] LogOutputStream:75 - [STDERR_REDIRECT] Apr 03, 2024 12:19:29 AM java.util.prefs.FileSystemPreferences checkLockFile0ErrorCode
2024-04-03 00:19:29,793 [ERROR] LogOutputStream:75 - [STDERR_REDIRECT] WARNING: Could not lock System prefs. Unix error code 29682.
2024-04-03 00:19:29,793 [ERROR] LogOutputStream:75 - [STDERR_REDIRECT] 
2024-04-03 00:19:29,793 [ERROR] LogOutputStream:75 - [STDERR_REDIRECT] Apr 03, 2024 12:19:29 AM java.util.prefs.FileSystemPreferences syncWorld
2024-04-03 00:19:29,793 [ERROR] LogOutputStream:75 - [STDERR_REDIRECT] WARNING: Couldn't flush system prefs: java.util.prefs.BackingStoreException: Couldn't get file lock.
2024-04-03 00:19:29,793 [ERROR] LogOutputStream:75 - [STDERR_REDIRECT] 
2024-04-03 00:19:59,793 [ERROR] LogOutputStream:75 - [STDERR_REDIRECT] Apr 03, 2024 12:19:59 AM java.util.prefs.FileSystemPreferences checkLockFile0ErrorCode
2024-04-03 00:19:59,793 [ERROR] LogOutputStream:75 - [STDERR_REDIRECT] WARNING: Could not lock System prefs. Unix error code 29682.
2024-04-03 00:19:59,793 [ERROR] LogOutputStream:75 - [STDERR_REDIRECT] 
2024-04-03 00:19:59,793 [ERROR] LogOutputStream:75 - [STDERR_REDIRECT] Apr 03, 2024 12:19:59 AM java.util.prefs.FileSystemPreferences syncWorld
2024-04-03 00:19:59,793 [ERROR] LogOutputStream:75 - [STDERR_REDIRECT] WARNING: Couldn't flush system prefs: java.util.prefs.BackingStoreException: Couldn't get file lock.
2024-04-03 00:19:59,793 [ERROR] LogOutputStream:75 - [STDERR_REDIRECT] 
2024-04-03 00:20:29,794 [ERROR] LogOutputStream:75 - [STDERR_REDIRECT] Apr 03, 2024 12:20:29 AM java.util.prefs.FileSystemPreferences checkLockFile0ErrorCode
2024-04-03 00:20:29,794 [ERROR] LogOutputStream:75 - [STDERR_REDIRECT] WARNING: Could not lock System prefs. Unix error code 29682.
2024-04-03 00:20:29,794 [ERROR] LogOutputStream:75 - [STDERR_REDIRECT] 
2024-04-03 00:20:29,794 [ERROR] LogOutputStream:75 - [STDERR_REDIRECT] Apr 03, 2024 12:20:29 AM java.util.prefs.FileSystemPreferences syncWorld
2024-04-03 00:20:29,794 [ERROR] LogOutputStream:75 - [STDERR_REDIRECT] WARNING: Couldn't flush system prefs: java.util.prefs.BackingStoreException: Couldn't get file lock.
2024-04-03 00:20:29,794 [ERROR] LogOutputStream:75 - [STDERR_REDIRECT] 
2024-04-03 00:20:59,793 [ERROR] LogOutputStream:75 - [STDERR_REDIRECT] Apr 03, 2024 12:20:59 AM java.util.prefs.FileSystemPreferences checkLockFile0ErrorCode
2024-04-03 00:20:59,793 [ERROR] LogOutputStream:75 - [STDERR_REDIRECT] WARNING: Could not lock System prefs. Unix error code 29682.
2024-04-03 00:20:59,793 [ERROR] LogOutputStream:75 - [STDERR_REDIRECT] 
2024-04-03 00:20:59,793 [ERROR] LogOutputStream:75 - [STDERR_REDIRECT] Apr 03, 2024 12:20:59 AM java.util.prefs.FileSystemPreferences syncWorld
2024-04-03 00:20:59,793 [ERROR] LogOutputStream:75 - [STDERR_REDIRECT] WARNING: Couldn't flush system prefs: java.util.prefs.BackingStoreException: Couldn't get file lock.
2024-04-03 00:20:59,793 [ERROR] LogOutputStream:75 - [STDERR_REDIRECT] 
2024-04-03 00:21:29,793 [ERROR] LogOutputStream:75 - [STDERR_REDIRECT] Apr 03, 2024 12:21:29 AM java.util.prefs.FileSystemPreferences checkLockFile0ErrorCode
2024-04-03 00:21:29,793 [ERROR] LogOutputStream:75 - [STDERR_REDIRECT] WARNING: Could not lock System prefs. Unix error code 29682.
2024-04-03 00:21:29,793 [ERROR] LogOutputStream:75 - [STDERR_REDIRECT] 
2024-04-03 00:21:29,793 [ERROR] LogOutputStream:75 - [STDERR_REDIRECT] Apr 03, 2024 12:21:29 AM java.util.prefs.FileSystemPreferences syncWorld
2024-04-03 00:21:29,793 [ERROR] LogOutputStream:75 - [STDERR_REDIRECT] WARNING: Couldn't flush system prefs: java.util.prefs.BackingStoreException: Couldn't get file lock.
2024-04-03 00:21:29,793 [ERROR] LogOutputStream:75 - [STDERR_REDIRECT] 
2024-04-03 00:21:59,794 [ERROR] LogOutputStream:75 - [STDERR_REDIRECT] Apr 03, 2024 12:21:59 AM java.util.prefs.FileSystemPreferences checkLockFile0ErrorCode
2024-04-03 00:21:59,794 [ERROR] LogOutputStream:75 - [STDERR_REDIRECT] WARNING: Could not lock System prefs. Unix error code 29682.
2024-04-03 00:21:59,802 [ERROR] LogOutputStream:75 - [STDERR_REDIRECT] 
2024-04-03 00:21:59,802 [ERROR] LogOutputStream:75 - [STDERR_REDIRECT] Apr 03, 2024 12:21:59 AM java.util.prefs.FileSystemPreferences syncWorld
2024-04-03 00:21:59,802 [ERROR] LogOutputStream:75 - [STDERR_REDIRECT] WARNING: Couldn't flush system prefs: java.util.prefs.BackingStoreException: Couldn't get file lock.
2024-04-03 00:21:59,802 [ERROR] LogOutputStream:75 - [STDERR_REDIRECT] 
2024-04-03 00:22:29,794 [ERROR] LogOutputStream:75 - [STDERR_REDIRECT] Apr 03, 2024 12:22:29 AM java.util.prefs.FileSystemPreferences checkLockFile0ErrorCode
2024-04-03 00:22:29,794 [ERROR] LogOutputStream:75 - [STDERR_REDIRECT] WARNING: Could not lock System prefs. Unix error code 29682.
2024-04-03 00:22:29,794 [ERROR] LogOutputStream:75 - [STDERR_REDIRECT] 
2024-04-03 00:22:29,794 [ERROR] LogOutputStream:75 - [STDERR_REDIRECT] Apr 03, 2024 12:22:29 AM java.util.prefs.FileSystemPreferences syncWorld
2024-04-03 00:22:29,794 [ERROR] LogOutputStream:75 - [STDERR_REDIRECT] WARNING: Couldn't flush system prefs: java.util.prefs.BackingStoreException: Couldn't get file lock.
2024-04-03 00:22:29,794 [ERROR] LogOutputStream:75 - [STDERR_REDIRECT] 
2024-04-03 00:22:59,795 [ERROR] LogOutputStream:75 - [STDERR_REDIRECT] Apr 03, 2024 12:22:59 AM java.util.prefs.FileSystemPreferences checkLockFile0ErrorCode
2024-04-03 00:22:59,795 [ERROR] LogOutputStream:75 - [STDERR_REDIRECT] WARNING: Could not lock System prefs. Unix error code 29682.
2024-04-03 00:22:59,795 [ERROR] LogOutputStream:75 - [STDERR_REDIRECT] 
2024-04-03 00:22:59,795 [ERROR] LogOutputStream:75 - [STDERR_REDIRECT] Apr 03, 2024 12:22:59 AM java.util.prefs.FileSystemPreferences syncWorld
2024-04-03 00:22:59,795 [ERROR] LogOutputStream:75 - [STDERR_REDIRECT] WARNING: Couldn't flush system prefs: java.util.prefs.BackingStoreException: Couldn't get file lock.
2024-04-03 00:22:59,795 [ERROR] LogOutputStream:75 - [STDERR_REDIRECT] 
2024-04-03 00:23:29,794 [ERROR] LogOutputStream:75 - [STDERR_REDIRECT] Apr 03, 2024 12:23:29 AM java.util.prefs.FileSystemPreferences checkLockFile0ErrorCode
2024-04-03 00:23:29,794 [ERROR] LogOutputStream:75 - [STDERR_REDIRECT] WARNING: Could not lock System prefs. Unix error code 29682.
2024-04-03 00:23:29,794 [ERROR] LogOutputStream:75 - [STDERR_REDIRECT] 
2024-04-03 00:23:29,794 [ERROR] LogOutputStream:75 - [STDERR_REDIRECT] Apr 03, 2024 12:23:29 AM java.util.prefs.FileSystemPreferences syncWorld
2024-04-03 00:23:29,794 [ERROR] LogOutputStream:75 - [STDERR_REDIRECT] WARNING: Couldn't flush system prefs: java.util.prefs.BackingStoreException: Couldn't get file lock.
2024-04-03 00:23:29,794 [ERROR] LogOutputStream:75 - [STDERR_REDIRECT] 
2024-04-03 00:23:59,794 [ERROR] LogOutputStream:75 - [STDERR_REDIRECT] Apr 03, 2024 12:23:59 AM java.util.prefs.FileSystemPreferences checkLockFile0ErrorCode
2024-04-03 00:23:59,794 [ERROR] LogOutputStream:75 - [STDERR_REDIRECT] WARNING: Could not lock System prefs. Unix error code 29682.
2024-04-03 00:23:59,794 [ERROR] LogOutputStream:75 - [STDERR_REDIRECT] 
2024-04-03 00:23:59,794 [ERROR] LogOutputStream:75 - [STDERR_REDIRECT] Apr 03, 2024 12:23:59 AM java.util.prefs.FileSystemPreferences syncWorld
2024-04-03 00:23:59,794 [ERROR] LogOutputStream:75 - [STDERR_REDIRECT] WARNING: Couldn't flush system prefs: java.util.prefs.BackingStoreException: Couldn't get file lock.
2024-04-03 00:23:59,794 [ERROR] LogOutputStream:75 - [STDERR_REDIRECT] 
2024-04-03 00:24:29,794 [ERROR] LogOutputStream:75 - [STDERR_REDIRECT] Apr 03, 2024 12:24:29 AM java.util.prefs.FileSystemPreferences checkLockFile0ErrorCode
2024-04-03 00:24:29,794 [ERROR] LogOutputStream:75 - [STDERR_REDIRECT] WARNING: Could not lock System prefs. Unix error code 29682.
2024-04-03 00:24:29,803 [ERROR] LogOutputStream:75 - [STDERR_REDIRECT] 
2024-04-03 00:24:29,803 [ERROR] LogOutputStream:75 - [STDERR_REDIRECT] Apr 03, 2024 12:24:29 AM java.util.prefs.FileSystemPreferences syncWorld
2024-04-03 00:24:29,803 [ERROR] LogOutputStream:75 - [STDERR_REDIRECT] WARNING: Couldn't flush system prefs: java.util.prefs.BackingStoreException: Couldn't get file lock.
2024-04-03 00:24:29,803 [ERROR] LogOutputStream:75 - [STDERR_REDIRECT] 
2024-04-03 00:24:59,794 [ERROR] LogOutputStream:75 - [STDERR_REDIRECT] Apr 03, 2024 12:24:59 AM java.util.prefs.FileSystemPreferences checkLockFile0ErrorCode
2024-04-03 00:24:59,794 [ERROR] LogOutputStream:75 - [STDERR_REDIRECT] WARNING: Could not lock System prefs. Unix error code 29682.
2024-04-03 00:24:59,794 [ERROR] LogOutputStream:75 - [STDERR_REDIRECT] 
2024-04-03 00:24:59,794 [ERROR] LogOutputStream:75 - [STDERR_REDIRECT] Apr 03, 2024 12:24:59 AM java.util.prefs.FileSystemPreferences syncWorld
2024-04-03 00:24:59,794 [ERROR] LogOutputStream:75 - [STDERR_REDIRECT] WARNING: Couldn't flush system prefs: java.util.prefs.BackingStoreException: Couldn't get file lock.
2024-04-03 00:24:59,794 [ERROR] LogOutputStream:75 - [STDERR_REDIRECT] 
2024-04-03 00:25:13,016 [ERROR] LogOutputStream:75 - [STDERR_REDIRECT] 
2024-04-03 00:25:13,017 [ERROR] LogOutputStream:75 - [STDERR_REDIRECT] 
