2024-03-14 00:00:10,646 [ERROR] LogOutputStream:75 - [STDERR_REDIRECT] Mar 14, 2024 12:00:10 AM java.util.prefs.FileSystemPreferences checkLockFile0ErrorCode
2024-03-14 00:00:10,661 [ERROR] LogOutputStream:75 - [STDERR_REDIRECT] WARNING: Could not lock System prefs. Unix error code 30969.
2024-03-14 00:00:10,662 [ERROR] LogOutputStream:75 - [STDERR_REDIRECT] 
2024-03-14 00:00:10,662 [ERROR] LogOutputStream:75 - [STDERR_REDIRECT] Mar 14, 2024 12:00:10 AM java.util.prefs.FileSystemPreferences syncWorld
2024-03-14 00:00:10,662 [ERROR] LogOutputStream:75 - [STDERR_REDIRECT] WARNING: Couldn't flush system prefs: java.util.prefs.BackingStoreException: Couldn't get file lock.
2024-03-14 00:00:10,662 [ERROR] LogOutputStream:75 - [STDERR_REDIRECT] 
2024-03-14 00:00:40,646 [ERROR] LogOutputStream:75 - [STDERR_REDIRECT] Mar 14, 2024 12:00:40 AM java.util.prefs.FileSystemPreferences checkLockFile0ErrorCode
2024-03-14 00:00:40,646 [ERROR] LogOutputStream:75 - [STDERR_REDIRECT] WARNING: Could not lock System prefs. Unix error code 30969.
2024-03-14 00:00:40,646 [ERROR] LogOutputStream:75 - [STDERR_REDIRECT] 
2024-03-14 00:00:40,647 [ERROR] LogOutputStream:75 - [STDERR_REDIRECT] Mar 14, 2024 12:00:40 AM java.util.prefs.FileSystemPreferences syncWorld
2024-03-14 00:00:40,647 [ERROR] LogOutputStream:75 - [STDERR_REDIRECT] WARNING: Couldn't flush system prefs: java.util.prefs.BackingStoreException: Couldn't get file lock.
2024-03-14 00:00:40,648 [ERROR] LogOutputStream:75 - [STDERR_REDIRECT] 
2024-03-14 00:01:10,646 [ERROR] LogOutputStream:75 - [STDERR_REDIRECT] Mar 14, 2024 12:01:10 AM java.util.prefs.FileSystemPreferences checkLockFile0ErrorCode
2024-03-14 00:01:10,646 [ERROR] LogOutputStream:75 - [STDERR_REDIRECT] WARNING: Could not lock System prefs. Unix error code 30969.
2024-03-14 00:01:10,646 [ERROR] LogOutputStream:75 - [STDERR_REDIRECT] 
2024-03-14 00:01:10,647 [ERROR] LogOutputStream:75 - [STDERR_REDIRECT] Mar 14, 2024 12:01:10 AM java.util.prefs.FileSystemPreferences syncWorld
2024-03-14 00:01:10,647 [ERROR] LogOutputStream:75 - [STDERR_REDIRECT] WARNING: Couldn't flush system prefs: java.util.prefs.BackingStoreException: Couldn't get file lock.
2024-03-14 00:01:10,647 [ERROR] LogOutputStream:75 - [STDERR_REDIRECT] 
2024-03-14 00:01:40,644 [ERROR] LogOutputStream:75 - [STDERR_REDIRECT] Mar 14, 2024 12:01:40 AM java.util.prefs.FileSystemPreferences checkLockFile0ErrorCode
2024-03-14 00:01:40,645 [ERROR] LogOutputStream:75 - [STDERR_REDIRECT] WARNING: Could not lock System prefs. Unix error code 30969.
2024-03-14 00:01:40,645 [ERROR] LogOutputStream:75 - [STDERR_REDIRECT] 
2024-03-14 00:01:40,645 [ERROR] LogOutputStream:75 - [STDERR_REDIRECT] Mar 14, 2024 12:01:40 AM java.util.prefs.FileSystemPreferences syncWorld
2024-03-14 00:01:40,645 [ERROR] LogOutputStream:75 - [STDERR_REDIRECT] WARNING: Couldn't flush system prefs: java.util.prefs.BackingStoreException: Couldn't get file lock.
2024-03-14 00:01:40,645 [ERROR] LogOutputStream:75 - [STDERR_REDIRECT] 
2024-03-14 00:02:10,647 [ERROR] LogOutputStream:75 - [STDERR_REDIRECT] Mar 14, 2024 12:02:10 AM java.util.prefs.FileSystemPreferences checkLockFile0ErrorCode
2024-03-14 00:02:10,647 [ERROR] LogOutputStream:75 - [STDERR_REDIRECT] WARNING: Could not lock System prefs. Unix error code 30969.
2024-03-14 00:02:10,647 [ERROR] LogOutputStream:75 - [STDERR_REDIRECT] 
2024-03-14 00:02:10,648 [ERROR] LogOutputStream:75 - [STDERR_REDIRECT] Mar 14, 2024 12:02:10 AM java.util.prefs.FileSystemPreferences syncWorld
2024-03-14 00:02:10,649 [ERROR] LogOutputStream:75 - [STDERR_REDIRECT] WARNING: Couldn't flush system prefs: java.util.prefs.BackingStoreException: Couldn't get file lock.
2024-03-14 00:02:10,649 [ERROR] LogOutputStream:75 - [STDERR_REDIRECT] 
2024-03-14 00:02:40,646 [ERROR] LogOutputStream:75 - [STDERR_REDIRECT] Mar 14, 2024 12:02:40 AM java.util.prefs.FileSystemPreferences checkLockFile0ErrorCode
2024-03-14 00:02:40,647 [ERROR] LogOutputStream:75 - [STDERR_REDIRECT] WARNING: Could not lock System prefs. Unix error code 30969.
2024-03-14 00:02:40,647 [ERROR] LogOutputStream:75 - [STDERR_REDIRECT] 
2024-03-14 00:02:40,648 [ERROR] LogOutputStream:75 - [STDERR_REDIRECT] Mar 14, 2024 12:02:40 AM java.util.prefs.FileSystemPreferences syncWorld
2024-03-14 00:02:40,649 [ERROR] LogOutputStream:75 - [STDERR_REDIRECT] WARNING: Couldn't flush system prefs: java.util.prefs.BackingStoreException: Couldn't get file lock.
2024-03-14 00:02:40,649 [ERROR] LogOutputStream:75 - [STDERR_REDIRECT] 
2024-03-14 00:03:10,648 [ERROR] LogOutputStream:75 - [STDERR_REDIRECT] Mar 14, 2024 12:03:10 AM java.util.prefs.FileSystemPreferences checkLockFile0ErrorCode
2024-03-14 00:03:10,648 [ERROR] LogOutputStream:75 - [STDERR_REDIRECT] WARNING: Could not lock System prefs. Unix error code 30969.
2024-03-14 00:03:10,649 [ERROR] LogOutputStream:75 - [STDERR_REDIRECT] 
2024-03-14 00:03:10,650 [ERROR] LogOutputStream:75 - [STDERR_REDIRECT] Mar 14, 2024 12:03:10 AM java.util.prefs.FileSystemPreferences syncWorld
2024-03-14 00:03:10,650 [ERROR] LogOutputStream:75 - [STDERR_REDIRECT] WARNING: Couldn't flush system prefs: java.util.prefs.BackingStoreException: Couldn't get file lock.
2024-03-14 00:03:10,651 [ERROR] LogOutputStream:75 - [STDERR_REDIRECT] 
2024-03-14 00:03:40,646 [ERROR] LogOutputStream:75 - [STDERR_REDIRECT] Mar 14, 2024 12:03:40 AM java.util.prefs.FileSystemPreferences checkLockFile0ErrorCode
2024-03-14 00:03:40,646 [ERROR] LogOutputStream:75 - [STDERR_REDIRECT] WARNING: Could not lock System prefs. Unix error code 30969.
2024-03-14 00:03:40,646 [ERROR] LogOutputStream:75 - [STDERR_REDIRECT] 
2024-03-14 00:03:40,647 [ERROR] LogOutputStream:75 - [STDERR_REDIRECT] Mar 14, 2024 12:03:40 AM java.util.prefs.FileSystemPreferences syncWorld
2024-03-14 00:03:40,647 [ERROR] LogOutputStream:75 - [STDERR_REDIRECT] WARNING: Couldn't flush system prefs: java.util.prefs.BackingStoreException: Couldn't get file lock.
2024-03-14 00:03:40,647 [ERROR] LogOutputStream:75 - [STDERR_REDIRECT] 
2024-03-14 00:04:10,647 [ERROR] LogOutputStream:75 - [STDERR_REDIRECT] Mar 14, 2024 12:04:10 AM java.util.prefs.FileSystemPreferences checkLockFile0ErrorCode
2024-03-14 00:04:10,648 [ERROR] LogOutputStream:75 - [STDERR_REDIRECT] WARNING: Could not lock System prefs. Unix error code 30969.
2024-03-14 00:04:10,648 [ERROR] LogOutputStream:75 - [STDERR_REDIRECT] 
2024-03-14 00:04:10,649 [ERROR] LogOutputStream:75 - [STDERR_REDIRECT] Mar 14, 2024 12:04:10 AM java.util.prefs.FileSystemPreferences syncWorld
2024-03-14 00:04:10,649 [ERROR] LogOutputStream:75 - [STDERR_REDIRECT] WARNING: Couldn't flush system prefs: java.util.prefs.BackingStoreException: Couldn't get file lock.
2024-03-14 00:04:10,649 [ERROR] LogOutputStream:75 - [STDERR_REDIRECT] 
2024-03-14 00:04:40,646 [ERROR] LogOutputStream:75 - [STDERR_REDIRECT] Mar 14, 2024 12:04:40 AM java.util.prefs.FileSystemPreferences checkLockFile0ErrorCode
2024-03-14 00:04:40,647 [ERROR] LogOutputStream:75 - [STDERR_REDIRECT] WARNING: Could not lock System prefs. Unix error code 30969.
2024-03-14 00:04:40,647 [ERROR] LogOutputStream:75 - [STDERR_REDIRECT] 
2024-03-14 00:04:40,647 [ERROR] LogOutputStream:75 - [STDERR_REDIRECT] Mar 14, 2024 12:04:40 AM java.util.prefs.FileSystemPreferences syncWorld
2024-03-14 00:04:40,647 [ERROR] LogOutputStream:75 - [STDERR_REDIRECT] WARNING: Couldn't flush system prefs: java.util.prefs.BackingStoreException: Couldn't get file lock.
2024-03-14 00:04:40,647 [ERROR] LogOutputStream:75 - [STDERR_REDIRECT] 
2024-03-14 00:05:10,649 [ERROR] LogOutputStream:75 - [STDERR_REDIRECT] Mar 14, 2024 12:05:10 AM java.util.prefs.FileSystemPreferences checkLockFile0ErrorCode
2024-03-14 00:05:10,649 [ERROR] LogOutputStream:75 - [STDERR_REDIRECT] WARNING: Could not lock System prefs. Unix error code 30969.
2024-03-14 00:05:10,650 [ERROR] LogOutputStream:75 - [STDERR_REDIRECT] 
2024-03-14 00:05:10,650 [ERROR] LogOutputStream:75 - [STDERR_REDIRECT] Mar 14, 2024 12:05:10 AM java.util.prefs.FileSystemPreferences syncWorld
2024-03-14 00:05:10,651 [ERROR] LogOutputStream:75 - [STDERR_REDIRECT] WARNING: Couldn't flush system prefs: java.util.prefs.BackingStoreException: Couldn't get file lock.
2024-03-14 00:05:10,651 [ERROR] LogOutputStream:75 - [STDERR_REDIRECT] 
2024-03-14 00:05:40,648 [ERROR] LogOutputStream:75 - [STDERR_REDIRECT] Mar 14, 2024 12:05:40 AM java.util.prefs.FileSystemPreferences checkLockFile0ErrorCode
2024-03-14 00:05:40,648 [ERROR] LogOutputStream:75 - [STDERR_REDIRECT] WARNING: Could not lock System prefs. Unix error code 30969.
2024-03-14 00:05:40,648 [ERROR] LogOutputStream:75 - [STDERR_REDIRECT] 
2024-03-14 00:05:40,648 [ERROR] LogOutputStream:75 - [STDERR_REDIRECT] Mar 14, 2024 12:05:40 AM java.util.prefs.FileSystemPreferences syncWorld
2024-03-14 00:05:40,648 [ERROR] LogOutputStream:75 - [STDERR_REDIRECT] WARNING: Couldn't flush system prefs: java.util.prefs.BackingStoreException: Couldn't get file lock.
2024-03-14 00:05:40,649 [ERROR] LogOutputStream:75 - [STDERR_REDIRECT] 
2024-03-14 00:06:10,647 [ERROR] LogOutputStream:75 - [STDERR_REDIRECT] Mar 14, 2024 12:06:10 AM java.util.prefs.FileSystemPreferences checkLockFile0ErrorCode
2024-03-14 00:06:10,647 [ERROR] LogOutputStream:75 - [STDERR_REDIRECT] WARNING: Could not lock System prefs. Unix error code 30969.
2024-03-14 00:06:10,648 [ERROR] LogOutputStream:75 - [STDERR_REDIRECT] 
2024-03-14 00:06:10,648 [ERROR] LogOutputStream:75 - [STDERR_REDIRECT] Mar 14, 2024 12:06:10 AM java.util.prefs.FileSystemPreferences syncWorld
2024-03-14 00:06:10,648 [ERROR] LogOutputStream:75 - [STDERR_REDIRECT] WARNING: Couldn't flush system prefs: java.util.prefs.BackingStoreException: Couldn't get file lock.
2024-03-14 00:06:10,648 [ERROR] LogOutputStream:75 - [STDERR_REDIRECT] 
2024-03-14 00:06:40,646 [ERROR] LogOutputStream:75 - [STDERR_REDIRECT] Mar 14, 2024 12:06:40 AM java.util.prefs.FileSystemPreferences checkLockFile0ErrorCode
2024-03-14 00:06:40,647 [ERROR] LogOutputStream:75 - [STDERR_REDIRECT] WARNING: Could not lock System prefs. Unix error code 30969.
2024-03-14 00:06:40,647 [ERROR] LogOutputStream:75 - [STDERR_REDIRECT] 
2024-03-14 00:06:40,647 [ERROR] LogOutputStream:75 - [STDERR_REDIRECT] Mar 14, 2024 12:06:40 AM java.util.prefs.FileSystemPreferences syncWorld
2024-03-14 00:06:40,647 [ERROR] LogOutputStream:75 - [STDERR_REDIRECT] WARNING: Couldn't flush system prefs: java.util.prefs.BackingStoreException: Couldn't get file lock.
2024-03-14 00:06:40,647 [ERROR] LogOutputStream:75 - [STDERR_REDIRECT] 
2024-03-14 00:07:10,647 [ERROR] LogOutputStream:75 - [STDERR_REDIRECT] Mar 14, 2024 12:07:10 AM java.util.prefs.FileSystemPreferences checkLockFile0ErrorCode
2024-03-14 00:07:10,648 [ERROR] LogOutputStream:75 - [STDERR_REDIRECT] WARNING: Could not lock System prefs. Unix error code 30969.
2024-03-14 00:07:10,648 [ERROR] LogOutputStream:75 - [STDERR_REDIRECT] 
2024-03-14 00:07:10,648 [ERROR] LogOutputStream:75 - [STDERR_REDIRECT] Mar 14, 2024 12:07:10 AM java.util.prefs.FileSystemPreferences syncWorld
2024-03-14 00:07:10,648 [ERROR] LogOutputStream:75 - [STDERR_REDIRECT] WARNING: Couldn't flush system prefs: java.util.prefs.BackingStoreException: Couldn't get file lock.
2024-03-14 00:07:10,648 [ERROR] LogOutputStream:75 - [STDERR_REDIRECT] 
2024-03-14 00:07:40,648 [ERROR] LogOutputStream:75 - [STDERR_REDIRECT] Mar 14, 2024 12:07:40 AM java.util.prefs.FileSystemPreferences checkLockFile0ErrorCode
2024-03-14 00:07:40,649 [ERROR] LogOutputStream:75 - [STDERR_REDIRECT] WARNING: Could not lock System prefs. Unix error code 30969.
2024-03-14 00:07:40,649 [ERROR] LogOutputStream:75 - [STDERR_REDIRECT] 
2024-03-14 00:07:40,650 [ERROR] LogOutputStream:75 - [STDERR_REDIRECT] Mar 14, 2024 12:07:40 AM java.util.prefs.FileSystemPreferences syncWorld
2024-03-14 00:07:40,650 [ERROR] LogOutputStream:75 - [STDERR_REDIRECT] WARNING: Couldn't flush system prefs: java.util.prefs.BackingStoreException: Couldn't get file lock.
2024-03-14 00:07:40,651 [ERROR] LogOutputStream:75 - [STDERR_REDIRECT] 
2024-03-14 00:08:10,648 [ERROR] LogOutputStream:75 - [STDERR_REDIRECT] Mar 14, 2024 12:08:10 AM java.util.prefs.FileSystemPreferences checkLockFile0ErrorCode
2024-03-14 00:08:10,648 [ERROR] LogOutputStream:75 - [STDERR_REDIRECT] WARNING: Could not lock System prefs. Unix error code 30969.
2024-03-14 00:08:10,649 [ERROR] LogOutputStream:75 - [STDERR_REDIRECT] 
2024-03-14 00:08:10,649 [ERROR] LogOutputStream:75 - [STDERR_REDIRECT] Mar 14, 2024 12:08:10 AM java.util.prefs.FileSystemPreferences syncWorld
2024-03-14 00:08:10,650 [ERROR] LogOutputStream:75 - [STDERR_REDIRECT] WARNING: Couldn't flush system prefs: java.util.prefs.BackingStoreException: Couldn't get file lock.
2024-03-14 00:08:10,650 [ERROR] LogOutputStream:75 - [STDERR_REDIRECT] 
2024-03-14 00:08:40,647 [ERROR] LogOutputStream:75 - [STDERR_REDIRECT] Mar 14, 2024 12:08:40 AM java.util.prefs.FileSystemPreferences checkLockFile0ErrorCode
2024-03-14 00:08:40,648 [ERROR] LogOutputStream:75 - [STDERR_REDIRECT] WARNING: Could not lock System prefs. Unix error code 30969.
2024-03-14 00:08:40,648 [ERROR] LogOutputStream:75 - [STDERR_REDIRECT] 
2024-03-14 00:08:40,649 [ERROR] LogOutputStream:75 - [STDERR_REDIRECT] Mar 14, 2024 12:08:40 AM java.util.prefs.FileSystemPreferences syncWorld
2024-03-14 00:08:40,649 [ERROR] LogOutputStream:75 - [STDERR_REDIRECT] WARNING: Couldn't flush system prefs: java.util.prefs.BackingStoreException: Couldn't get file lock.
2024-03-14 00:08:40,649 [ERROR] LogOutputStream:75 - [STDERR_REDIRECT] 
2024-03-14 00:09:10,647 [ERROR] LogOutputStream:75 - [STDERR_REDIRECT] Mar 14, 2024 12:09:10 AM java.util.prefs.FileSystemPreferences checkLockFile0ErrorCode
2024-03-14 00:09:10,648 [ERROR] LogOutputStream:75 - [STDERR_REDIRECT] WARNING: Could not lock System prefs. Unix error code 30969.
2024-03-14 00:09:10,648 [ERROR] LogOutputStream:75 - [STDERR_REDIRECT] 
2024-03-14 00:09:10,648 [ERROR] LogOutputStream:75 - [STDERR_REDIRECT] Mar 14, 2024 12:09:10 AM java.util.prefs.FileSystemPreferences syncWorld
2024-03-14 00:09:10,648 [ERROR] LogOutputStream:75 - [STDERR_REDIRECT] WARNING: Couldn't flush system prefs: java.util.prefs.BackingStoreException: Couldn't get file lock.
2024-03-14 00:09:10,648 [ERROR] LogOutputStream:75 - [STDERR_REDIRECT] 
2024-03-14 00:09:40,647 [ERROR] LogOutputStream:75 - [STDERR_REDIRECT] Mar 14, 2024 12:09:40 AM java.util.prefs.FileSystemPreferences checkLockFile0ErrorCode
2024-03-14 00:09:40,647 [ERROR] LogOutputStream:75 - [STDERR_REDIRECT] WARNING: Could not lock System prefs. Unix error code 30969.
2024-03-14 00:09:40,647 [ERROR] LogOutputStream:75 - [STDERR_REDIRECT] 
2024-03-14 00:09:40,647 [ERROR] LogOutputStream:75 - [STDERR_REDIRECT] Mar 14, 2024 12:09:40 AM java.util.prefs.FileSystemPreferences syncWorld
2024-03-14 00:09:40,647 [ERROR] LogOutputStream:75 - [STDERR_REDIRECT] WARNING: Couldn't flush system prefs: java.util.prefs.BackingStoreException: Couldn't get file lock.
2024-03-14 00:09:40,647 [ERROR] LogOutputStream:75 - [STDERR_REDIRECT] 
2024-03-14 00:10:10,647 [ERROR] LogOutputStream:75 - [STDERR_REDIRECT] Mar 14, 2024 12:10:10 AM java.util.prefs.FileSystemPreferences checkLockFile0ErrorCode
2024-03-14 00:10:10,647 [ERROR] LogOutputStream:75 - [STDERR_REDIRECT] WARNING: Could not lock System prefs. Unix error code 30969.
2024-03-14 00:10:10,648 [ERROR] LogOutputStream:75 - [STDERR_REDIRECT] 
2024-03-14 00:10:10,648 [ERROR] LogOutputStream:75 - [STDERR_REDIRECT] Mar 14, 2024 12:10:10 AM java.util.prefs.FileSystemPreferences syncWorld
2024-03-14 00:10:10,648 [ERROR] LogOutputStream:75 - [STDERR_REDIRECT] WARNING: Couldn't flush system prefs: java.util.prefs.BackingStoreException: Couldn't get file lock.
2024-03-14 00:10:10,648 [ERROR] LogOutputStream:75 - [STDERR_REDIRECT] 
2024-03-14 00:10:40,647 [ERROR] LogOutputStream:75 - [STDERR_REDIRECT] Mar 14, 2024 12:10:40 AM java.util.prefs.FileSystemPreferences checkLockFile0ErrorCode
2024-03-14 00:10:40,647 [ERROR] LogOutputStream:75 - [STDERR_REDIRECT] WARNING: Could not lock System prefs. Unix error code 30969.
2024-03-14 00:10:40,647 [ERROR] LogOutputStream:75 - [STDERR_REDIRECT] 
2024-03-14 00:10:40,647 [ERROR] LogOutputStream:75 - [STDERR_REDIRECT] Mar 14, 2024 12:10:40 AM java.util.prefs.FileSystemPreferences syncWorld
2024-03-14 00:10:40,647 [ERROR] LogOutputStream:75 - [STDERR_REDIRECT] WARNING: Couldn't flush system prefs: java.util.prefs.BackingStoreException: Couldn't get file lock.
2024-03-14 00:10:40,648 [ERROR] LogOutputStream:75 - [STDERR_REDIRECT] 
2024-03-14 00:11:10,647 [ERROR] LogOutputStream:75 - [STDERR_REDIRECT] Mar 14, 2024 12:11:10 AM java.util.prefs.FileSystemPreferences checkLockFile0ErrorCode
2024-03-14 00:11:10,648 [ERROR] LogOutputStream:75 - [STDERR_REDIRECT] WARNING: Could not lock System prefs. Unix error code 30969.
2024-03-14 00:11:10,648 [ERROR] LogOutputStream:75 - [STDERR_REDIRECT] 
2024-03-14 00:11:10,649 [ERROR] LogOutputStream:75 - [STDERR_REDIRECT] Mar 14, 2024 12:11:10 AM java.util.prefs.FileSystemPreferences syncWorld
2024-03-14 00:11:10,650 [ERROR] LogOutputStream:75 - [STDERR_REDIRECT] WARNING: Couldn't flush system prefs: java.util.prefs.BackingStoreException: Couldn't get file lock.
2024-03-14 00:11:10,650 [ERROR] LogOutputStream:75 - [STDERR_REDIRECT] 
2024-03-14 00:11:40,647 [ERROR] LogOutputStream:75 - [STDERR_REDIRECT] Mar 14, 2024 12:11:40 AM java.util.prefs.FileSystemPreferences checkLockFile0ErrorCode
2024-03-14 00:11:40,648 [ERROR] LogOutputStream:75 - [STDERR_REDIRECT] WARNING: Could not lock System prefs. Unix error code 30969.
2024-03-14 00:11:40,648 [ERROR] LogOutputStream:75 - [STDERR_REDIRECT] 
2024-03-14 00:11:40,648 [ERROR] LogOutputStream:75 - [STDERR_REDIRECT] Mar 14, 2024 12:11:40 AM java.util.prefs.FileSystemPreferences syncWorld
2024-03-14 00:11:40,648 [ERROR] LogOutputStream:75 - [STDERR_REDIRECT] WARNING: Couldn't flush system prefs: java.util.prefs.BackingStoreException: Couldn't get file lock.
2024-03-14 00:11:40,648 [ERROR] LogOutputStream:75 - [STDERR_REDIRECT] 
2024-03-14 00:12:10,647 [ERROR] LogOutputStream:75 - [STDERR_REDIRECT] Mar 14, 2024 12:12:10 AM java.util.prefs.FileSystemPreferences checkLockFile0ErrorCode
2024-03-14 00:12:10,647 [ERROR] LogOutputStream:75 - [STDERR_REDIRECT] WARNING: Could not lock System prefs. Unix error code 30969.
2024-03-14 00:12:10,647 [ERROR] LogOutputStream:75 - [STDERR_REDIRECT] 
2024-03-14 00:12:10,647 [ERROR] LogOutputStream:75 - [STDERR_REDIRECT] Mar 14, 2024 12:12:10 AM java.util.prefs.FileSystemPreferences syncWorld
2024-03-14 00:12:10,647 [ERROR] LogOutputStream:75 - [STDERR_REDIRECT] WARNING: Couldn't flush system prefs: java.util.prefs.BackingStoreException: Couldn't get file lock.
2024-03-14 00:12:10,648 [ERROR] LogOutputStream:75 - [STDERR_REDIRECT] 
2024-03-14 00:12:40,646 [ERROR] LogOutputStream:75 - [STDERR_REDIRECT] Mar 14, 2024 12:12:40 AM java.util.prefs.FileSystemPreferences checkLockFile0ErrorCode
2024-03-14 00:12:40,646 [ERROR] LogOutputStream:75 - [STDERR_REDIRECT] WARNING: Could not lock System prefs. Unix error code 30969.
2024-03-14 00:12:40,646 [ERROR] LogOutputStream:75 - [STDERR_REDIRECT] 
2024-03-14 00:12:40,646 [ERROR] LogOutputStream:75 - [STDERR_REDIRECT] Mar 14, 2024 12:12:40 AM java.util.prefs.FileSystemPreferences syncWorld
2024-03-14 00:12:40,646 [ERROR] LogOutputStream:75 - [STDERR_REDIRECT] WARNING: Couldn't flush system prefs: java.util.prefs.BackingStoreException: Couldn't get file lock.
2024-03-14 00:12:40,647 [ERROR] LogOutputStream:75 - [STDERR_REDIRECT] 
2024-03-14 00:13:10,648 [ERROR] LogOutputStream:75 - [STDERR_REDIRECT] Mar 14, 2024 12:13:10 AM java.util.prefs.FileSystemPreferences checkLockFile0ErrorCode
2024-03-14 00:13:10,649 [ERROR] LogOutputStream:75 - [STDERR_REDIRECT] WARNING: Could not lock System prefs. Unix error code 30969.
2024-03-14 00:13:10,649 [ERROR] LogOutputStream:75 - [STDERR_REDIRECT] 
2024-03-14 00:13:10,650 [ERROR] LogOutputStream:75 - [STDERR_REDIRECT] Mar 14, 2024 12:13:10 AM java.util.prefs.FileSystemPreferences syncWorld
2024-03-14 00:13:10,650 [ERROR] LogOutputStream:75 - [STDERR_REDIRECT] WARNING: Couldn't flush system prefs: java.util.prefs.BackingStoreException: Couldn't get file lock.
2024-03-14 00:13:10,651 [ERROR] LogOutputStream:75 - [STDERR_REDIRECT] 
2024-03-14 00:13:40,646 [ERROR] LogOutputStream:75 - [STDERR_REDIRECT] Mar 14, 2024 12:13:40 AM java.util.prefs.FileSystemPreferences checkLockFile0ErrorCode
2024-03-14 00:13:40,646 [ERROR] LogOutputStream:75 - [STDERR_REDIRECT] WARNING: Could not lock System prefs. Unix error code 30969.
2024-03-14 00:13:40,646 [ERROR] LogOutputStream:75 - [STDERR_REDIRECT] 
2024-03-14 00:13:40,647 [ERROR] LogOutputStream:75 - [STDERR_REDIRECT] Mar 14, 2024 12:13:40 AM java.util.prefs.FileSystemPreferences syncWorld
2024-03-14 00:13:40,647 [ERROR] LogOutputStream:75 - [STDERR_REDIRECT] WARNING: Couldn't flush system prefs: java.util.prefs.BackingStoreException: Couldn't get file lock.
2024-03-14 00:13:40,647 [ERROR] LogOutputStream:75 - [STDERR_REDIRECT] 
2024-03-14 00:14:10,647 [ERROR] LogOutputStream:75 - [STDERR_REDIRECT] Mar 14, 2024 12:14:10 AM java.util.prefs.FileSystemPreferences checkLockFile0ErrorCode
2024-03-14 00:14:10,647 [ERROR] LogOutputStream:75 - [STDERR_REDIRECT] WARNING: Could not lock System prefs. Unix error code 30969.
2024-03-14 00:14:10,648 [ERROR] LogOutputStream:75 - [STDERR_REDIRECT] 
2024-03-14 00:14:10,648 [ERROR] LogOutputStream:75 - [STDERR_REDIRECT] Mar 14, 2024 12:14:10 AM java.util.prefs.FileSystemPreferences syncWorld
2024-03-14 00:14:10,649 [ERROR] LogOutputStream:75 - [STDERR_REDIRECT] WARNING: Couldn't flush system prefs: java.util.prefs.BackingStoreException: Couldn't get file lock.
2024-03-14 00:14:10,649 [ERROR] LogOutputStream:75 - [STDERR_REDIRECT] 
2024-03-14 00:14:40,647 [ERROR] LogOutputStream:75 - [STDERR_REDIRECT] Mar 14, 2024 12:14:40 AM java.util.prefs.FileSystemPreferences checkLockFile0ErrorCode
2024-03-14 00:14:40,647 [ERROR] LogOutputStream:75 - [STDERR_REDIRECT] WARNING: Could not lock System prefs. Unix error code 30969.
2024-03-14 00:14:40,647 [ERROR] LogOutputStream:75 - [STDERR_REDIRECT] 
2024-03-14 00:14:40,648 [ERROR] LogOutputStream:75 - [STDERR_REDIRECT] Mar 14, 2024 12:14:40 AM java.util.prefs.FileSystemPreferences syncWorld
2024-03-14 00:14:40,648 [ERROR] LogOutputStream:75 - [STDERR_REDIRECT] WARNING: Couldn't flush system prefs: java.util.prefs.BackingStoreException: Couldn't get file lock.
2024-03-14 00:14:40,648 [ERROR] LogOutputStream:75 - [STDERR_REDIRECT] 
2024-03-14 00:15:10,648 [ERROR] LogOutputStream:75 - [STDERR_REDIRECT] Mar 14, 2024 12:15:10 AM java.util.prefs.FileSystemPreferences checkLockFile0ErrorCode
2024-03-14 00:15:10,648 [ERROR] LogOutputStream:75 - [STDERR_REDIRECT] WARNING: Could not lock System prefs. Unix error code 30969.
2024-03-14 00:15:10,649 [ERROR] LogOutputStream:75 - [STDERR_REDIRECT] 
2024-03-14 00:15:10,649 [ERROR] LogOutputStream:75 - [STDERR_REDIRECT] Mar 14, 2024 12:15:10 AM java.util.prefs.FileSystemPreferences syncWorld
2024-03-14 00:15:10,650 [ERROR] LogOutputStream:75 - [STDERR_REDIRECT] WARNING: Couldn't flush system prefs: java.util.prefs.BackingStoreException: Couldn't get file lock.
2024-03-14 00:15:10,650 [ERROR] LogOutputStream:75 - [STDERR_REDIRECT] 
2024-03-14 00:15:40,648 [ERROR] LogOutputStream:75 - [STDERR_REDIRECT] Mar 14, 2024 12:15:40 AM java.util.prefs.FileSystemPreferences checkLockFile0ErrorCode
2024-03-14 00:15:40,648 [ERROR] LogOutputStream:75 - [STDERR_REDIRECT] WARNING: Could not lock System prefs. Unix error code 30969.
2024-03-14 00:15:40,649 [ERROR] LogOutputStream:75 - [STDERR_REDIRECT] 
2024-03-14 00:15:40,649 [ERROR] LogOutputStream:75 - [STDERR_REDIRECT] Mar 14, 2024 12:15:40 AM java.util.prefs.FileSystemPreferences syncWorld
2024-03-14 00:15:40,649 [ERROR] LogOutputStream:75 - [STDERR_REDIRECT] WARNING: Couldn't flush system prefs: java.util.prefs.BackingStoreException: Couldn't get file lock.
2024-03-14 00:15:40,649 [ERROR] LogOutputStream:75 - [STDERR_REDIRECT] 
2024-03-14 00:16:10,650 [ERROR] LogOutputStream:75 - [STDERR_REDIRECT] Mar 14, 2024 12:16:10 AM java.util.prefs.FileSystemPreferences checkLockFile0ErrorCode
2024-03-14 00:16:10,651 [ERROR] LogOutputStream:75 - [STDERR_REDIRECT] WARNING: Could not lock System prefs. Unix error code 30969.
2024-03-14 00:16:10,651 [ERROR] LogOutputStream:75 - [STDERR_REDIRECT] 
2024-03-14 00:16:10,655 [ERROR] LogOutputStream:75 - [STDERR_REDIRECT] Mar 14, 2024 12:16:10 AM java.util.prefs.FileSystemPreferences syncWorld
2024-03-14 00:16:10,656 [ERROR] LogOutputStream:75 - [STDERR_REDIRECT] WARNING: Couldn't flush system prefs: java.util.prefs.BackingStoreException: Couldn't get file lock.
2024-03-14 00:16:10,656 [ERROR] LogOutputStream:75 - [STDERR_REDIRECT] 
2024-03-14 00:16:40,648 [ERROR] LogOutputStream:75 - [STDERR_REDIRECT] Mar 14, 2024 12:16:40 AM java.util.prefs.FileSystemPreferences checkLockFile0ErrorCode
2024-03-14 00:16:40,648 [ERROR] LogOutputStream:75 - [STDERR_REDIRECT] WARNING: Could not lock System prefs. Unix error code 30969.
2024-03-14 00:16:40,648 [ERROR] LogOutputStream:75 - [STDERR_REDIRECT] 
2024-03-14 00:16:40,648 [ERROR] LogOutputStream:75 - [STDERR_REDIRECT] Mar 14, 2024 12:16:40 AM java.util.prefs.FileSystemPreferences syncWorld
2024-03-14 00:16:40,649 [ERROR] LogOutputStream:75 - [STDERR_REDIRECT] WARNING: Couldn't flush system prefs: java.util.prefs.BackingStoreException: Couldn't get file lock.
2024-03-14 00:16:40,649 [ERROR] LogOutputStream:75 - [STDERR_REDIRECT] 
2024-03-14 00:17:10,650 [ERROR] LogOutputStream:75 - [STDERR_REDIRECT] Mar 14, 2024 12:17:10 AM java.util.prefs.FileSystemPreferences checkLockFile0ErrorCode
2024-03-14 00:17:10,650 [ERROR] LogOutputStream:75 - [STDERR_REDIRECT] WARNING: Could not lock System prefs. Unix error code 30969.
2024-03-14 00:17:10,650 [ERROR] LogOutputStream:75 - [STDERR_REDIRECT] 
2024-03-14 00:17:10,650 [ERROR] LogOutputStream:75 - [STDERR_REDIRECT] Mar 14, 2024 12:17:10 AM java.util.prefs.FileSystemPreferences syncWorld
2024-03-14 00:17:10,650 [ERROR] LogOutputStream:75 - [STDERR_REDIRECT] WARNING: Couldn't flush system prefs: java.util.prefs.BackingStoreException: Couldn't get file lock.
2024-03-14 00:17:10,650 [ERROR] LogOutputStream:75 - [STDERR_REDIRECT] 
2024-03-14 00:17:40,649 [ERROR] LogOutputStream:75 - [STDERR_REDIRECT] Mar 14, 2024 12:17:40 AM java.util.prefs.FileSystemPreferences checkLockFile0ErrorCode
2024-03-14 00:17:40,649 [ERROR] LogOutputStream:75 - [STDERR_REDIRECT] WARNING: Could not lock System prefs. Unix error code 30969.
2024-03-14 00:17:40,649 [ERROR] LogOutputStream:75 - [STDERR_REDIRECT] 
2024-03-14 00:17:40,650 [ERROR] LogOutputStream:75 - [STDERR_REDIRECT] Mar 14, 2024 12:17:40 AM java.util.prefs.FileSystemPreferences syncWorld
2024-03-14 00:17:40,650 [ERROR] LogOutputStream:75 - [STDERR_REDIRECT] WARNING: Couldn't flush system prefs: java.util.prefs.BackingStoreException: Couldn't get file lock.
2024-03-14 00:17:40,650 [ERROR] LogOutputStream:75 - [STDERR_REDIRECT] 
2024-03-14 00:18:10,648 [ERROR] LogOutputStream:75 - [STDERR_REDIRECT] Mar 14, 2024 12:18:10 AM java.util.prefs.FileSystemPreferences checkLockFile0ErrorCode
2024-03-14 00:18:10,648 [ERROR] LogOutputStream:75 - [STDERR_REDIRECT] WARNING: Could not lock System prefs. Unix error code 30969.
2024-03-14 00:18:10,648 [ERROR] LogOutputStream:75 - [STDERR_REDIRECT] 
2024-03-14 00:18:10,648 [ERROR] LogOutputStream:75 - [STDERR_REDIRECT] Mar 14, 2024 12:18:10 AM java.util.prefs.FileSystemPreferences syncWorld
2024-03-14 00:18:10,648 [ERROR] LogOutputStream:75 - [STDERR_REDIRECT] WARNING: Couldn't flush system prefs: java.util.prefs.BackingStoreException: Couldn't get file lock.
2024-03-14 00:18:10,648 [ERROR] LogOutputStream:75 - [STDERR_REDIRECT] 
2024-03-14 00:18:40,649 [ERROR] LogOutputStream:75 - [STDERR_REDIRECT] Mar 14, 2024 12:18:40 AM java.util.prefs.FileSystemPreferences checkLockFile0ErrorCode
2024-03-14 00:18:40,650 [ERROR] LogOutputStream:75 - [STDERR_REDIRECT] WARNING: Could not lock System prefs. Unix error code 30969.
2024-03-14 00:18:40,650 [ERROR] LogOutputStream:75 - [STDERR_REDIRECT] 
2024-03-14 00:18:40,652 [ERROR] LogOutputStream:75 - [STDERR_REDIRECT] Mar 14, 2024 12:18:40 AM java.util.prefs.FileSystemPreferences syncWorld
2024-03-14 00:18:40,652 [ERROR] LogOutputStream:75 - [STDERR_REDIRECT] WARNING: Couldn't flush system prefs: java.util.prefs.BackingStoreException: Couldn't get file lock.
2024-03-14 00:18:40,653 [ERROR] LogOutputStream:75 - [STDERR_REDIRECT] 
2024-03-14 00:19:10,649 [ERROR] LogOutputStream:75 - [STDERR_REDIRECT] Mar 14, 2024 12:19:10 AM java.util.prefs.FileSystemPreferences checkLockFile0ErrorCode
2024-03-14 00:19:10,649 [ERROR] LogOutputStream:75 - [STDERR_REDIRECT] WARNING: Could not lock System prefs. Unix error code 30969.
2024-03-14 00:19:10,649 [ERROR] LogOutputStream:75 - [STDERR_REDIRECT] 
2024-03-14 00:19:10,649 [ERROR] LogOutputStream:75 - [STDERR_REDIRECT] Mar 14, 2024 12:19:10 AM java.util.prefs.FileSystemPreferences syncWorld
2024-03-14 00:19:10,649 [ERROR] LogOutputStream:75 - [STDERR_REDIRECT] WARNING: Couldn't flush system prefs: java.util.prefs.BackingStoreException: Couldn't get file lock.
2024-03-14 00:19:10,649 [ERROR] LogOutputStream:75 - [STDERR_REDIRECT] 
2024-03-14 00:19:40,649 [ERROR] LogOutputStream:75 - [STDERR_REDIRECT] Mar 14, 2024 12:19:40 AM java.util.prefs.FileSystemPreferences checkLockFile0ErrorCode
2024-03-14 00:19:40,650 [ERROR] LogOutputStream:75 - [STDERR_REDIRECT] WARNING: Could not lock System prefs. Unix error code 30969.
2024-03-14 00:19:40,650 [ERROR] LogOutputStream:75 - [STDERR_REDIRECT] 
2024-03-14 00:19:40,650 [ERROR] LogOutputStream:75 - [STDERR_REDIRECT] Mar 14, 2024 12:19:40 AM java.util.prefs.FileSystemPreferences syncWorld
2024-03-14 00:19:40,650 [ERROR] LogOutputStream:75 - [STDERR_REDIRECT] WARNING: Couldn't flush system prefs: java.util.prefs.BackingStoreException: Couldn't get file lock.
2024-03-14 00:19:40,650 [ERROR] LogOutputStream:75 - [STDERR_REDIRECT] 
2024-03-14 00:20:10,650 [ERROR] LogOutputStream:75 - [STDERR_REDIRECT] Mar 14, 2024 12:20:10 AM java.util.prefs.FileSystemPreferences checkLockFile0ErrorCode
2024-03-14 00:20:10,651 [ERROR] LogOutputStream:75 - [STDERR_REDIRECT] WARNING: Could not lock System prefs. Unix error code 30969.
2024-03-14 00:20:10,651 [ERROR] LogOutputStream:75 - [STDERR_REDIRECT] 
2024-03-14 00:20:10,651 [ERROR] LogOutputStream:75 - [STDERR_REDIRECT] Mar 14, 2024 12:20:10 AM java.util.prefs.FileSystemPreferences syncWorld
2024-03-14 00:20:10,651 [ERROR] LogOutputStream:75 - [STDERR_REDIRECT] WARNING: Couldn't flush system prefs: java.util.prefs.BackingStoreException: Couldn't get file lock.
2024-03-14 00:20:10,652 [ERROR] LogOutputStream:75 - [STDERR_REDIRECT] 
2024-03-14 00:20:40,648 [ERROR] LogOutputStream:75 - [STDERR_REDIRECT] Mar 14, 2024 12:20:40 AM java.util.prefs.FileSystemPreferences checkLockFile0ErrorCode
2024-03-14 00:20:40,649 [ERROR] LogOutputStream:75 - [STDERR_REDIRECT] WARNING: Could not lock System prefs. Unix error code 30969.
2024-03-14 00:20:40,649 [ERROR] LogOutputStream:75 - [STDERR_REDIRECT] 
2024-03-14 00:20:40,649 [ERROR] LogOutputStream:75 - [STDERR_REDIRECT] Mar 14, 2024 12:20:40 AM java.util.prefs.FileSystemPreferences syncWorld
2024-03-14 00:20:40,649 [ERROR] LogOutputStream:75 - [STDERR_REDIRECT] WARNING: Couldn't flush system prefs: java.util.prefs.BackingStoreException: Couldn't get file lock.
2024-03-14 00:20:40,649 [ERROR] LogOutputStream:75 - [STDERR_REDIRECT] 
2024-03-14 00:21:10,649 [ERROR] LogOutputStream:75 - [STDERR_REDIRECT] Mar 14, 2024 12:21:10 AM java.util.prefs.FileSystemPreferences checkLockFile0ErrorCode
2024-03-14 00:21:10,649 [ERROR] LogOutputStream:75 - [STDERR_REDIRECT] WARNING: Could not lock System prefs. Unix error code 30969.
2024-03-14 00:21:10,650 [ERROR] LogOutputStream:75 - [STDERR_REDIRECT] 
2024-03-14 00:21:10,650 [ERROR] LogOutputStream:75 - [STDERR_REDIRECT] Mar 14, 2024 12:21:10 AM java.util.prefs.FileSystemPreferences syncWorld
2024-03-14 00:21:10,651 [ERROR] LogOutputStream:75 - [STDERR_REDIRECT] WARNING: Couldn't flush system prefs: java.util.prefs.BackingStoreException: Couldn't get file lock.
2024-03-14 00:21:10,651 [ERROR] LogOutputStream:75 - [STDERR_REDIRECT] 
2024-03-14 00:21:40,650 [ERROR] LogOutputStream:75 - [STDERR_REDIRECT] Mar 14, 2024 12:21:40 AM java.util.prefs.FileSystemPreferences checkLockFile0ErrorCode
2024-03-14 00:21:40,650 [ERROR] LogOutputStream:75 - [STDERR_REDIRECT] WARNING: Could not lock System prefs. Unix error code 30969.
2024-03-14 00:21:40,650 [ERROR] LogOutputStream:75 - [STDERR_REDIRECT] 
2024-03-14 00:21:40,651 [ERROR] LogOutputStream:75 - [STDERR_REDIRECT] Mar 14, 2024 12:21:40 AM java.util.prefs.FileSystemPreferences syncWorld
2024-03-14 00:21:40,651 [ERROR] LogOutputStream:75 - [STDERR_REDIRECT] WARNING: Couldn't flush system prefs: java.util.prefs.BackingStoreException: Couldn't get file lock.
2024-03-14 00:21:40,651 [ERROR] LogOutputStream:75 - [STDERR_REDIRECT] 
2024-03-14 00:22:10,648 [ERROR] LogOutputStream:75 - [STDERR_REDIRECT] Mar 14, 2024 12:22:10 AM java.util.prefs.FileSystemPreferences checkLockFile0ErrorCode
2024-03-14 00:22:10,648 [ERROR] LogOutputStream:75 - [STDERR_REDIRECT] WARNING: Could not lock System prefs. Unix error code 30969.
2024-03-14 00:22:10,648 [ERROR] LogOutputStream:75 - [STDERR_REDIRECT] 
2024-03-14 00:22:10,649 [ERROR] LogOutputStream:75 - [STDERR_REDIRECT] Mar 14, 2024 12:22:10 AM java.util.prefs.FileSystemPreferences syncWorld
2024-03-14 00:22:10,649 [ERROR] LogOutputStream:75 - [STDERR_REDIRECT] WARNING: Couldn't flush system prefs: java.util.prefs.BackingStoreException: Couldn't get file lock.
2024-03-14 00:22:10,649 [ERROR] LogOutputStream:75 - [STDERR_REDIRECT] 
2024-03-14 00:22:40,651 [ERROR] LogOutputStream:75 - [STDERR_REDIRECT] Mar 14, 2024 12:22:40 AM java.util.prefs.FileSystemPreferences checkLockFile0ErrorCode
2024-03-14 00:22:40,651 [ERROR] LogOutputStream:75 - [STDERR_REDIRECT] WARNING: Could not lock System prefs. Unix error code 30969.
2024-03-14 00:22:40,652 [ERROR] LogOutputStream:75 - [STDERR_REDIRECT] 
2024-03-14 00:22:40,652 [ERROR] LogOutputStream:75 - [STDERR_REDIRECT] Mar 14, 2024 12:22:40 AM java.util.prefs.FileSystemPreferences syncWorld
2024-03-14 00:22:40,652 [ERROR] LogOutputStream:75 - [STDERR_REDIRECT] WARNING: Couldn't flush system prefs: java.util.prefs.BackingStoreException: Couldn't get file lock.
2024-03-14 00:22:40,652 [ERROR] LogOutputStream:75 - [STDERR_REDIRECT] 
2024-03-14 00:23:10,650 [ERROR] LogOutputStream:75 - [STDERR_REDIRECT] Mar 14, 2024 12:23:10 AM java.util.prefs.FileSystemPreferences checkLockFile0ErrorCode
2024-03-14 00:23:10,650 [ERROR] LogOutputStream:75 - [STDERR_REDIRECT] WARNING: Could not lock System prefs. Unix error code 30969.
2024-03-14 00:23:10,650 [ERROR] LogOutputStream:75 - [STDERR_REDIRECT] 
2024-03-14 00:23:10,650 [ERROR] LogOutputStream:75 - [STDERR_REDIRECT] Mar 14, 2024 12:23:10 AM java.util.prefs.FileSystemPreferences syncWorld
2024-03-14 00:23:10,650 [ERROR] LogOutputStream:75 - [STDERR_REDIRECT] WARNING: Couldn't flush system prefs: java.util.prefs.BackingStoreException: Couldn't get file lock.
2024-03-14 00:23:10,651 [ERROR] LogOutputStream:75 - [STDERR_REDIRECT] 
2024-03-14 00:23:40,649 [ERROR] LogOutputStream:75 - [STDERR_REDIRECT] Mar 14, 2024 12:23:40 AM java.util.prefs.FileSystemPreferences checkLockFile0ErrorCode
2024-03-14 00:23:40,650 [ERROR] LogOutputStream:75 - [STDERR_REDIRECT] WARNING: Could not lock System prefs. Unix error code 30969.
2024-03-14 00:23:40,650 [ERROR] LogOutputStream:75 - [STDERR_REDIRECT] 
2024-03-14 00:23:40,651 [ERROR] LogOutputStream:75 - [STDERR_REDIRECT] Mar 14, 2024 12:23:40 AM java.util.prefs.FileSystemPreferences syncWorld
2024-03-14 00:23:40,651 [ERROR] LogOutputStream:75 - [STDERR_REDIRECT] WARNING: Couldn't flush system prefs: java.util.prefs.BackingStoreException: Couldn't get file lock.
2024-03-14 00:23:40,651 [ERROR] LogOutputStream:75 - [STDERR_REDIRECT] 
2024-03-14 00:24:10,650 [ERROR] LogOutputStream:75 - [STDERR_REDIRECT] Mar 14, 2024 12:24:10 AM java.util.prefs.FileSystemPreferences checkLockFile0ErrorCode
2024-03-14 00:24:10,650 [ERROR] LogOutputStream:75 - [STDERR_REDIRECT] WARNING: Could not lock System prefs. Unix error code 30969.
2024-03-14 00:24:10,650 [ERROR] LogOutputStream:75 - [STDERR_REDIRECT] 
2024-03-14 00:24:10,650 [ERROR] LogOutputStream:75 - [STDERR_REDIRECT] Mar 14, 2024 12:24:10 AM java.util.prefs.FileSystemPreferences syncWorld
2024-03-14 00:24:10,650 [ERROR] LogOutputStream:75 - [STDERR_REDIRECT] WARNING: Couldn't flush system prefs: java.util.prefs.BackingStoreException: Couldn't get file lock.
2024-03-14 00:24:10,651 [ERROR] LogOutputStream:75 - [STDERR_REDIRECT] 
2024-03-14 00:24:40,649 [ERROR] LogOutputStream:75 - [STDERR_REDIRECT] Mar 14, 2024 12:24:40 AM java.util.prefs.FileSystemPreferences checkLockFile0ErrorCode
2024-03-14 00:24:40,649 [ERROR] LogOutputStream:75 - [STDERR_REDIRECT] WARNING: Could not lock System prefs. Unix error code 30969.
2024-03-14 00:24:40,650 [ERROR] LogOutputStream:75 - [STDERR_REDIRECT] 
2024-03-14 00:24:40,650 [ERROR] LogOutputStream:75 - [STDERR_REDIRECT] Mar 14, 2024 12:24:40 AM java.util.prefs.FileSystemPreferences syncWorld
2024-03-14 00:24:40,650 [ERROR] LogOutputStream:75 - [STDERR_REDIRECT] WARNING: Couldn't flush system prefs: java.util.prefs.BackingStoreException: Couldn't get file lock.
2024-03-14 00:24:40,650 [ERROR] LogOutputStream:75 - [STDERR_REDIRECT] 
2024-03-14 00:25:10,651 [ERROR] LogOutputStream:75 - [STDERR_REDIRECT] Mar 14, 2024 12:25:10 AM java.util.prefs.FileSystemPreferences checkLockFile0ErrorCode
2024-03-14 00:25:10,651 [ERROR] LogOutputStream:75 - [STDERR_REDIRECT] WARNING: Could not lock System prefs. Unix error code 30969.
2024-03-14 00:25:10,651 [ERROR] LogOutputStream:75 - [STDERR_REDIRECT] 
2024-03-14 00:25:10,651 [ERROR] LogOutputStream:75 - [STDERR_REDIRECT] Mar 14, 2024 12:25:10 AM java.util.prefs.FileSystemPreferences syncWorld
2024-03-14 00:25:10,652 [ERROR] LogOutputStream:75 - [STDERR_REDIRECT] WARNING: Couldn't flush system prefs: java.util.prefs.BackingStoreException: Couldn't get file lock.
2024-03-14 00:25:10,652 [ERROR] LogOutputStream:75 - [STDERR_REDIRECT] 
2024-03-14 00:25:40,650 [ERROR] LogOutputStream:75 - [STDERR_REDIRECT] Mar 14, 2024 12:25:40 AM java.util.prefs.FileSystemPreferences checkLockFile0ErrorCode
2024-03-14 00:25:40,651 [ERROR] LogOutputStream:75 - [STDERR_REDIRECT] WARNING: Could not lock System prefs. Unix error code 30969.
2024-03-14 00:25:40,651 [ERROR] LogOutputStream:75 - [STDERR_REDIRECT] 
2024-03-14 00:25:40,651 [ERROR] LogOutputStream:75 - [STDERR_REDIRECT] Mar 14, 2024 12:25:40 AM java.util.prefs.FileSystemPreferences syncWorld
2024-03-14 00:25:40,652 [ERROR] LogOutputStream:75 - [STDERR_REDIRECT] WARNING: Couldn't flush system prefs: java.util.prefs.BackingStoreException: Couldn't get file lock.
2024-03-14 00:25:40,652 [ERROR] LogOutputStream:75 - [STDERR_REDIRECT] 
2024-03-14 00:26:10,651 [ERROR] LogOutputStream:75 - [STDERR_REDIRECT] Mar 14, 2024 12:26:10 AM java.util.prefs.FileSystemPreferences checkLockFile0ErrorCode
2024-03-14 00:26:10,651 [ERROR] LogOutputStream:75 - [STDERR_REDIRECT] WARNING: Could not lock System prefs. Unix error code 30969.
2024-03-14 00:26:10,651 [ERROR] LogOutputStream:75 - [STDERR_REDIRECT] 
2024-03-14 00:26:10,652 [ERROR] LogOutputStream:75 - [STDERR_REDIRECT] Mar 14, 2024 12:26:10 AM java.util.prefs.FileSystemPreferences syncWorld
2024-03-14 00:26:10,652 [ERROR] LogOutputStream:75 - [STDERR_REDIRECT] WARNING: Couldn't flush system prefs: java.util.prefs.BackingStoreException: Couldn't get file lock.
2024-03-14 00:26:10,652 [ERROR] LogOutputStream:75 - [STDERR_REDIRECT] 
2024-03-14 00:26:40,651 [ERROR] LogOutputStream:75 - [STDERR_REDIRECT] Mar 14, 2024 12:26:40 AM java.util.prefs.FileSystemPreferences checkLockFile0ErrorCode
2024-03-14 00:26:40,652 [ERROR] LogOutputStream:75 - [STDERR_REDIRECT] WARNING: Could not lock System prefs. Unix error code 30969.
2024-03-14 00:26:40,652 [ERROR] LogOutputStream:75 - [STDERR_REDIRECT] 
2024-03-14 00:26:40,653 [ERROR] LogOutputStream:75 - [STDERR_REDIRECT] Mar 14, 2024 12:26:40 AM java.util.prefs.FileSystemPreferences syncWorld
2024-03-14 00:26:40,653 [ERROR] LogOutputStream:75 - [STDERR_REDIRECT] WARNING: Couldn't flush system prefs: java.util.prefs.BackingStoreException: Couldn't get file lock.
2024-03-14 00:26:40,654 [ERROR] LogOutputStream:75 - [STDERR_REDIRECT] 
2024-03-14 00:27:10,651 [ERROR] LogOutputStream:75 - [STDERR_REDIRECT] Mar 14, 2024 12:27:10 AM java.util.prefs.FileSystemPreferences checkLockFile0ErrorCode
2024-03-14 00:27:10,652 [ERROR] LogOutputStream:75 - [STDERR_REDIRECT] WARNING: Could not lock System prefs. Unix error code 30969.
2024-03-14 00:27:10,653 [ERROR] LogOutputStream:75 - [STDERR_REDIRECT] 
2024-03-14 00:27:10,653 [ERROR] LogOutputStream:75 - [STDERR_REDIRECT] Mar 14, 2024 12:27:10 AM java.util.prefs.FileSystemPreferences syncWorld
2024-03-14 00:27:10,654 [ERROR] LogOutputStream:75 - [STDERR_REDIRECT] WARNING: Couldn't flush system prefs: java.util.prefs.BackingStoreException: Couldn't get file lock.
2024-03-14 00:27:10,654 [ERROR] LogOutputStream:75 - [STDERR_REDIRECT] 
2024-03-14 00:27:40,652 [ERROR] LogOutputStream:75 - [STDERR_REDIRECT] Mar 14, 2024 12:27:40 AM java.util.prefs.FileSystemPreferences checkLockFile0ErrorCode
2024-03-14 00:27:40,652 [ERROR] LogOutputStream:75 - [STDERR_REDIRECT] WARNING: Could not lock System prefs. Unix error code 30969.
2024-03-14 00:27:40,652 [ERROR] LogOutputStream:75 - [STDERR_REDIRECT] 
2024-03-14 00:27:40,653 [ERROR] LogOutputStream:75 - [STDERR_REDIRECT] Mar 14, 2024 12:27:40 AM java.util.prefs.FileSystemPreferences syncWorld
2024-03-14 00:27:40,653 [ERROR] LogOutputStream:75 - [STDERR_REDIRECT] WARNING: Couldn't flush system prefs: java.util.prefs.BackingStoreException: Couldn't get file lock.
2024-03-14 00:27:40,653 [ERROR] LogOutputStream:75 - [STDERR_REDIRECT] 
2024-03-14 00:28:10,652 [ERROR] LogOutputStream:75 - [STDERR_REDIRECT] Mar 14, 2024 12:28:10 AM java.util.prefs.FileSystemPreferences checkLockFile0ErrorCode
2024-03-14 00:28:10,652 [ERROR] LogOutputStream:75 - [STDERR_REDIRECT] WARNING: Could not lock System prefs. Unix error code 30969.
2024-03-14 00:28:10,653 [ERROR] LogOutputStream:75 - [STDERR_REDIRECT] 
2024-03-14 00:28:10,653 [ERROR] LogOutputStream:75 - [STDERR_REDIRECT] Mar 14, 2024 12:28:10 AM java.util.prefs.FileSystemPreferences syncWorld
2024-03-14 00:28:10,653 [ERROR] LogOutputStream:75 - [STDERR_REDIRECT] WARNING: Couldn't flush system prefs: java.util.prefs.BackingStoreException: Couldn't get file lock.
2024-03-14 00:28:10,653 [ERROR] LogOutputStream:75 - [STDERR_REDIRECT] 
2024-03-14 00:28:40,653 [ERROR] LogOutputStream:75 - [STDERR_REDIRECT] Mar 14, 2024 12:28:40 AM java.util.prefs.FileSystemPreferences checkLockFile0ErrorCode
2024-03-14 00:28:40,653 [ERROR] LogOutputStream:75 - [STDERR_REDIRECT] WARNING: Could not lock System prefs. Unix error code 30969.
2024-03-14 00:28:40,653 [ERROR] LogOutputStream:75 - [STDERR_REDIRECT] 
2024-03-14 00:28:40,654 [ERROR] LogOutputStream:75 - [STDERR_REDIRECT] Mar 14, 2024 12:28:40 AM java.util.prefs.FileSystemPreferences syncWorld
2024-03-14 00:28:40,654 [ERROR] LogOutputStream:75 - [STDERR_REDIRECT] WARNING: Couldn't flush system prefs: java.util.prefs.BackingStoreException: Couldn't get file lock.
2024-03-14 00:28:40,654 [ERROR] LogOutputStream:75 - [STDERR_REDIRECT] 
2024-03-14 00:29:10,654 [ERROR] LogOutputStream:75 - [STDERR_REDIRECT] Mar 14, 2024 12:29:10 AM java.util.prefs.FileSystemPreferences checkLockFile0ErrorCode
2024-03-14 00:29:10,654 [ERROR] LogOutputStream:75 - [STDERR_REDIRECT] WARNING: Could not lock System prefs. Unix error code 30969.
2024-03-14 00:29:10,654 [ERROR] LogOutputStream:75 - [STDERR_REDIRECT] 
2024-03-14 00:29:10,655 [ERROR] LogOutputStream:75 - [STDERR_REDIRECT] Mar 14, 2024 12:29:10 AM java.util.prefs.FileSystemPreferences syncWorld
2024-03-14 00:29:10,655 [ERROR] LogOutputStream:75 - [STDERR_REDIRECT] WARNING: Couldn't flush system prefs: java.util.prefs.BackingStoreException: Couldn't get file lock.
2024-03-14 00:29:10,656 [ERROR] LogOutputStream:75 - [STDERR_REDIRECT] 
2024-03-14 00:29:40,653 [ERROR] LogOutputStream:75 - [STDERR_REDIRECT] Mar 14, 2024 12:29:40 AM java.util.prefs.FileSystemPreferences checkLockFile0ErrorCode
2024-03-14 00:29:40,653 [ERROR] LogOutputStream:75 - [STDERR_REDIRECT] WARNING: Could not lock System prefs. Unix error code 30969.
2024-03-14 00:29:40,654 [ERROR] LogOutputStream:75 - [STDERR_REDIRECT] 
2024-03-14 00:29:40,654 [ERROR] LogOutputStream:75 - [STDERR_REDIRECT] Mar 14, 2024 12:29:40 AM java.util.prefs.FileSystemPreferences syncWorld
2024-03-14 00:29:40,655 [ERROR] LogOutputStream:75 - [STDERR_REDIRECT] WARNING: Couldn't flush system prefs: java.util.prefs.BackingStoreException: Couldn't get file lock.
2024-03-14 00:29:40,655 [ERROR] LogOutputStream:75 - [STDERR_REDIRECT] 
2024-03-14 00:30:10,653 [ERROR] LogOutputStream:75 - [STDERR_REDIRECT] Mar 14, 2024 12:30:10 AM java.util.prefs.FileSystemPreferences checkLockFile0ErrorCode
2024-03-14 00:30:10,653 [ERROR] LogOutputStream:75 - [STDERR_REDIRECT] WARNING: Could not lock System prefs. Unix error code 30969.
2024-03-14 00:30:10,653 [ERROR] LogOutputStream:75 - [STDERR_REDIRECT] 
2024-03-14 00:30:10,654 [ERROR] LogOutputStream:75 - [STDERR_REDIRECT] Mar 14, 2024 12:30:10 AM java.util.prefs.FileSystemPreferences syncWorld
2024-03-14 00:30:10,654 [ERROR] LogOutputStream:75 - [STDERR_REDIRECT] WARNING: Couldn't flush system prefs: java.util.prefs.BackingStoreException: Couldn't get file lock.
2024-03-14 00:30:10,654 [ERROR] LogOutputStream:75 - [STDERR_REDIRECT] 
2024-03-14 00:30:40,653 [ERROR] LogOutputStream:75 - [STDERR_REDIRECT] Mar 14, 2024 12:30:40 AM java.util.prefs.FileSystemPreferences checkLockFile0ErrorCode
2024-03-14 00:30:40,653 [ERROR] LogOutputStream:75 - [STDERR_REDIRECT] WARNING: Could not lock System prefs. Unix error code 30969.
2024-03-14 00:30:40,654 [ERROR] LogOutputStream:75 - [STDERR_REDIRECT] 
2024-03-14 00:30:40,654 [ERROR] LogOutputStream:75 - [STDERR_REDIRECT] Mar 14, 2024 12:30:40 AM java.util.prefs.FileSystemPreferences syncWorld
2024-03-14 00:30:40,655 [ERROR] LogOutputStream:75 - [STDERR_REDIRECT] WARNING: Couldn't flush system prefs: java.util.prefs.BackingStoreException: Couldn't get file lock.
2024-03-14 00:30:40,655 [ERROR] LogOutputStream:75 - [STDERR_REDIRECT] 
2024-03-14 00:31:10,654 [ERROR] LogOutputStream:75 - [STDERR_REDIRECT] Mar 14, 2024 12:31:10 AM java.util.prefs.FileSystemPreferences checkLockFile0ErrorCode
2024-03-14 00:31:10,655 [ERROR] LogOutputStream:75 - [STDERR_REDIRECT] WARNING: Could not lock System prefs. Unix error code 30969.
2024-03-14 00:31:10,655 [ERROR] LogOutputStream:75 - [STDERR_REDIRECT] 
2024-03-14 00:31:10,656 [ERROR] LogOutputStream:75 - [STDERR_REDIRECT] Mar 14, 2024 12:31:10 AM java.util.prefs.FileSystemPreferences syncWorld
2024-03-14 00:31:10,656 [ERROR] LogOutputStream:75 - [STDERR_REDIRECT] WARNING: Couldn't flush system prefs: java.util.prefs.BackingStoreException: Couldn't get file lock.
2024-03-14 00:31:10,656 [ERROR] LogOutputStream:75 - [STDERR_REDIRECT] 
2024-03-14 00:31:40,655 [ERROR] LogOutputStream:75 - [STDERR_REDIRECT] Mar 14, 2024 12:31:40 AM java.util.prefs.FileSystemPreferences checkLockFile0ErrorCode
2024-03-14 00:31:40,655 [ERROR] LogOutputStream:75 - [STDERR_REDIRECT] WARNING: Could not lock System prefs. Unix error code 30969.
2024-03-14 00:31:40,655 [ERROR] LogOutputStream:75 - [STDERR_REDIRECT] 
2024-03-14 00:31:40,656 [ERROR] LogOutputStream:75 - [STDERR_REDIRECT] Mar 14, 2024 12:31:40 AM java.util.prefs.FileSystemPreferences syncWorld
2024-03-14 00:31:40,656 [ERROR] LogOutputStream:75 - [STDERR_REDIRECT] WARNING: Couldn't flush system prefs: java.util.prefs.BackingStoreException: Couldn't get file lock.
2024-03-14 00:31:40,656 [ERROR] LogOutputStream:75 - [STDERR_REDIRECT] 
2024-03-14 00:32:10,654 [ERROR] LogOutputStream:75 - [STDERR_REDIRECT] Mar 14, 2024 12:32:10 AM java.util.prefs.FileSystemPreferences checkLockFile0ErrorCode
2024-03-14 00:32:10,655 [ERROR] LogOutputStream:75 - [STDERR_REDIRECT] WARNING: Could not lock System prefs. Unix error code 30969.
2024-03-14 00:32:10,655 [ERROR] LogOutputStream:75 - [STDERR_REDIRECT] 
2024-03-14 00:32:10,656 [ERROR] LogOutputStream:75 - [STDERR_REDIRECT] Mar 14, 2024 12:32:10 AM java.util.prefs.FileSystemPreferences syncWorld
2024-03-14 00:32:10,656 [ERROR] LogOutputStream:75 - [STDERR_REDIRECT] WARNING: Couldn't flush system prefs: java.util.prefs.BackingStoreException: Couldn't get file lock.
2024-03-14 00:32:10,657 [ERROR] LogOutputStream:75 - [STDERR_REDIRECT] 
2024-03-14 00:32:40,653 [ERROR] LogOutputStream:75 - [STDERR_REDIRECT] Mar 14, 2024 12:32:40 AM java.util.prefs.FileSystemPreferences checkLockFile0ErrorCode
2024-03-14 00:32:40,653 [ERROR] LogOutputStream:75 - [STDERR_REDIRECT] WARNING: Could not lock System prefs. Unix error code 30969.
2024-03-14 00:32:40,653 [ERROR] LogOutputStream:75 - [STDERR_REDIRECT] 
2024-03-14 00:32:40,654 [ERROR] LogOutputStream:75 - [STDERR_REDIRECT] Mar 14, 2024 12:32:40 AM java.util.prefs.FileSystemPreferences syncWorld
2024-03-14 00:32:40,654 [ERROR] LogOutputStream:75 - [STDERR_REDIRECT] WARNING: Couldn't flush system prefs: java.util.prefs.BackingStoreException: Couldn't get file lock.
2024-03-14 00:32:40,654 [ERROR] LogOutputStream:75 - [STDERR_REDIRECT] 
2024-03-14 00:33:10,653 [ERROR] LogOutputStream:75 - [STDERR_REDIRECT] Mar 14, 2024 12:33:10 AM java.util.prefs.FileSystemPreferences checkLockFile0ErrorCode
2024-03-14 00:33:10,654 [ERROR] LogOutputStream:75 - [STDERR_REDIRECT] WARNING: Could not lock System prefs. Unix error code 30969.
2024-03-14 00:33:10,654 [ERROR] LogOutputStream:75 - [STDERR_REDIRECT] 
2024-03-14 00:33:10,654 [ERROR] LogOutputStream:75 - [STDERR_REDIRECT] Mar 14, 2024 12:33:10 AM java.util.prefs.FileSystemPreferences syncWorld
2024-03-14 00:33:10,654 [ERROR] LogOutputStream:75 - [STDERR_REDIRECT] WARNING: Couldn't flush system prefs: java.util.prefs.BackingStoreException: Couldn't get file lock.
2024-03-14 00:33:10,654 [ERROR] LogOutputStream:75 - [STDERR_REDIRECT] 
2024-03-14 00:33:40,654 [ERROR] LogOutputStream:75 - [STDERR_REDIRECT] Mar 14, 2024 12:33:40 AM java.util.prefs.FileSystemPreferences checkLockFile0ErrorCode
2024-03-14 00:33:40,654 [ERROR] LogOutputStream:75 - [STDERR_REDIRECT] WARNING: Could not lock System prefs. Unix error code 30969.
2024-03-14 00:33:40,654 [ERROR] LogOutputStream:75 - [STDERR_REDIRECT] 
2024-03-14 00:33:40,654 [ERROR] LogOutputStream:75 - [STDERR_REDIRECT] Mar 14, 2024 12:33:40 AM java.util.prefs.FileSystemPreferences syncWorld
2024-03-14 00:33:40,655 [ERROR] LogOutputStream:75 - [STDERR_REDIRECT] WARNING: Couldn't flush system prefs: java.util.prefs.BackingStoreException: Couldn't get file lock.
2024-03-14 00:33:40,655 [ERROR] LogOutputStream:75 - [STDERR_REDIRECT] 
2024-03-14 00:34:10,655 [ERROR] LogOutputStream:75 - [STDERR_REDIRECT] Mar 14, 2024 12:34:10 AM java.util.prefs.FileSystemPreferences checkLockFile0ErrorCode
2024-03-14 00:34:10,655 [ERROR] LogOutputStream:75 - [STDERR_REDIRECT] WARNING: Could not lock System prefs. Unix error code 30969.
2024-03-14 00:34:10,655 [ERROR] LogOutputStream:75 - [STDERR_REDIRECT] 
2024-03-14 00:34:10,655 [ERROR] LogOutputStream:75 - [STDERR_REDIRECT] Mar 14, 2024 12:34:10 AM java.util.prefs.FileSystemPreferences syncWorld
2024-03-14 00:34:10,655 [ERROR] LogOutputStream:75 - [STDERR_REDIRECT] WARNING: Couldn't flush system prefs: java.util.prefs.BackingStoreException: Couldn't get file lock.
2024-03-14 00:34:10,655 [ERROR] LogOutputStream:75 - [STDERR_REDIRECT] 
2024-03-14 00:34:40,655 [ERROR] LogOutputStream:75 - [STDERR_REDIRECT] Mar 14, 2024 12:34:40 AM java.util.prefs.FileSystemPreferences checkLockFile0ErrorCode
2024-03-14 00:34:40,655 [ERROR] LogOutputStream:75 - [STDERR_REDIRECT] WARNING: Could not lock System prefs. Unix error code 30969.
2024-03-14 00:34:40,655 [ERROR] LogOutputStream:75 - [STDERR_REDIRECT] 
2024-03-14 00:34:40,655 [ERROR] LogOutputStream:75 - [STDERR_REDIRECT] Mar 14, 2024 12:34:40 AM java.util.prefs.FileSystemPreferences syncWorld
2024-03-14 00:34:40,655 [ERROR] LogOutputStream:75 - [STDERR_REDIRECT] WARNING: Couldn't flush system prefs: java.util.prefs.BackingStoreException: Couldn't get file lock.
2024-03-14 00:34:40,655 [ERROR] LogOutputStream:75 - [STDERR_REDIRECT] 
2024-03-14 00:35:10,656 [ERROR] LogOutputStream:75 - [STDERR_REDIRECT] Mar 14, 2024 12:35:10 AM java.util.prefs.FileSystemPreferences checkLockFile0ErrorCode
2024-03-14 00:35:10,656 [ERROR] LogOutputStream:75 - [STDERR_REDIRECT] WARNING: Could not lock System prefs. Unix error code 30969.
2024-03-14 00:35:10,657 [ERROR] LogOutputStream:75 - [STDERR_REDIRECT] 
2024-03-14 00:35:10,658 [ERROR] LogOutputStream:75 - [STDERR_REDIRECT] Mar 14, 2024 12:35:10 AM java.util.prefs.FileSystemPreferences syncWorld
2024-03-14 00:35:10,658 [ERROR] LogOutputStream:75 - [STDERR_REDIRECT] WARNING: Couldn't flush system prefs: java.util.prefs.BackingStoreException: Couldn't get file lock.
2024-03-14 00:35:10,658 [ERROR] LogOutputStream:75 - [STDERR_REDIRECT] 
2024-03-14 00:35:40,657 [ERROR] LogOutputStream:75 - [STDERR_REDIRECT] Mar 14, 2024 12:35:40 AM java.util.prefs.FileSystemPreferences checkLockFile0ErrorCode
2024-03-14 00:35:40,657 [ERROR] LogOutputStream:75 - [STDERR_REDIRECT] WARNING: Could not lock System prefs. Unix error code 30969.
2024-03-14 00:35:40,657 [ERROR] LogOutputStream:75 - [STDERR_REDIRECT] 
2024-03-14 00:35:40,658 [ERROR] LogOutputStream:75 - [STDERR_REDIRECT] Mar 14, 2024 12:35:40 AM java.util.prefs.FileSystemPreferences syncWorld
2024-03-14 00:35:40,658 [ERROR] LogOutputStream:75 - [STDERR_REDIRECT] WARNING: Couldn't flush system prefs: java.util.prefs.BackingStoreException: Couldn't get file lock.
2024-03-14 00:35:40,659 [ERROR] LogOutputStream:75 - [STDERR_REDIRECT] 
2024-03-14 00:36:10,656 [ERROR] LogOutputStream:75 - [STDERR_REDIRECT] Mar 14, 2024 12:36:10 AM java.util.prefs.FileSystemPreferences checkLockFile0ErrorCode
2024-03-14 00:36:10,656 [ERROR] LogOutputStream:75 - [STDERR_REDIRECT] WARNING: Could not lock System prefs. Unix error code 30969.
2024-03-14 00:36:10,656 [ERROR] LogOutputStream:75 - [STDERR_REDIRECT] 
2024-03-14 00:36:10,657 [ERROR] LogOutputStream:75 - [STDERR_REDIRECT] Mar 14, 2024 12:36:10 AM java.util.prefs.FileSystemPreferences syncWorld
2024-03-14 00:36:10,657 [ERROR] LogOutputStream:75 - [STDERR_REDIRECT] WARNING: Couldn't flush system prefs: java.util.prefs.BackingStoreException: Couldn't get file lock.
2024-03-14 00:36:10,657 [ERROR] LogOutputStream:75 - [STDERR_REDIRECT] 
2024-03-14 00:36:40,656 [ERROR] LogOutputStream:75 - [STDERR_REDIRECT] Mar 14, 2024 12:36:40 AM java.util.prefs.FileSystemPreferences checkLockFile0ErrorCode
2024-03-14 00:36:40,656 [ERROR] LogOutputStream:75 - [STDERR_REDIRECT] WARNING: Could not lock System prefs. Unix error code 30969.
2024-03-14 00:36:40,656 [ERROR] LogOutputStream:75 - [STDERR_REDIRECT] 
2024-03-14 00:36:40,656 [ERROR] LogOutputStream:75 - [STDERR_REDIRECT] Mar 14, 2024 12:36:40 AM java.util.prefs.FileSystemPreferences syncWorld
2024-03-14 00:36:40,656 [ERROR] LogOutputStream:75 - [STDERR_REDIRECT] WARNING: Couldn't flush system prefs: java.util.prefs.BackingStoreException: Couldn't get file lock.
2024-03-14 00:36:40,656 [ERROR] LogOutputStream:75 - [STDERR_REDIRECT] 
2024-03-14 00:37:10,659 [ERROR] LogOutputStream:75 - [STDERR_REDIRECT] Mar 14, 2024 12:37:10 AM java.util.prefs.FileSystemPreferences checkLockFile0ErrorCode
2024-03-14 00:37:10,660 [ERROR] LogOutputStream:75 - [STDERR_REDIRECT] WARNING: Could not lock System prefs. Unix error code 30969.
2024-03-14 00:37:10,660 [ERROR] LogOutputStream:75 - [STDERR_REDIRECT] 
2024-03-14 00:37:10,660 [ERROR] LogOutputStream:75 - [STDERR_REDIRECT] Mar 14, 2024 12:37:10 AM java.util.prefs.FileSystemPreferences syncWorld
2024-03-14 00:37:10,660 [ERROR] LogOutputStream:75 - [STDERR_REDIRECT] WARNING: Couldn't flush system prefs: java.util.prefs.BackingStoreException: Couldn't get file lock.
2024-03-14 00:37:10,660 [ERROR] LogOutputStream:75 - [STDERR_REDIRECT] 
2024-03-14 00:37:40,656 [ERROR] LogOutputStream:75 - [STDERR_REDIRECT] Mar 14, 2024 12:37:40 AM java.util.prefs.FileSystemPreferences checkLockFile0ErrorCode
2024-03-14 00:37:40,657 [ERROR] LogOutputStream:75 - [STDERR_REDIRECT] WARNING: Could not lock System prefs. Unix error code 30969.
2024-03-14 00:37:40,657 [ERROR] LogOutputStream:75 - [STDERR_REDIRECT] 
2024-03-14 00:37:40,657 [ERROR] LogOutputStream:75 - [STDERR_REDIRECT] Mar 14, 2024 12:37:40 AM java.util.prefs.FileSystemPreferences syncWorld
2024-03-14 00:37:40,658 [ERROR] LogOutputStream:75 - [STDERR_REDIRECT] WARNING: Couldn't flush system prefs: java.util.prefs.BackingStoreException: Couldn't get file lock.
2024-03-14 00:37:40,658 [ERROR] LogOutputStream:75 - [STDERR_REDIRECT] 
2024-03-14 00:38:10,657 [ERROR] LogOutputStream:75 - [STDERR_REDIRECT] Mar 14, 2024 12:38:10 AM java.util.prefs.FileSystemPreferences checkLockFile0ErrorCode
2024-03-14 00:38:10,658 [ERROR] LogOutputStream:75 - [STDERR_REDIRECT] WARNING: Could not lock System prefs. Unix error code 30969.
2024-03-14 00:38:10,658 [ERROR] LogOutputStream:75 - [STDERR_REDIRECT] 
2024-03-14 00:38:10,659 [ERROR] LogOutputStream:75 - [STDERR_REDIRECT] Mar 14, 2024 12:38:10 AM java.util.prefs.FileSystemPreferences syncWorld
2024-03-14 00:38:10,659 [ERROR] LogOutputStream:75 - [STDERR_REDIRECT] WARNING: Couldn't flush system prefs: java.util.prefs.BackingStoreException: Couldn't get file lock.
2024-03-14 00:38:10,660 [ERROR] LogOutputStream:75 - [STDERR_REDIRECT] 
2024-03-14 00:38:40,657 [ERROR] LogOutputStream:75 - [STDERR_REDIRECT] Mar 14, 2024 12:38:40 AM java.util.prefs.FileSystemPreferences checkLockFile0ErrorCode
2024-03-14 00:38:40,657 [ERROR] LogOutputStream:75 - [STDERR_REDIRECT] WARNING: Could not lock System prefs. Unix error code 30969.
2024-03-14 00:38:40,657 [ERROR] LogOutputStream:75 - [STDERR_REDIRECT] 
2024-03-14 00:38:40,658 [ERROR] LogOutputStream:75 - [STDERR_REDIRECT] Mar 14, 2024 12:38:40 AM java.util.prefs.FileSystemPreferences syncWorld
2024-03-14 00:38:40,658 [ERROR] LogOutputStream:75 - [STDERR_REDIRECT] WARNING: Couldn't flush system prefs: java.util.prefs.BackingStoreException: Couldn't get file lock.
2024-03-14 00:38:40,658 [ERROR] LogOutputStream:75 - [STDERR_REDIRECT] 
2024-03-14 00:39:10,657 [ERROR] LogOutputStream:75 - [STDERR_REDIRECT] Mar 14, 2024 12:39:10 AM java.util.prefs.FileSystemPreferences checkLockFile0ErrorCode
2024-03-14 00:39:10,657 [ERROR] LogOutputStream:75 - [STDERR_REDIRECT] WARNING: Could not lock System prefs. Unix error code 30969.
2024-03-14 00:39:10,657 [ERROR] LogOutputStream:75 - [STDERR_REDIRECT] 
2024-03-14 00:39:10,658 [ERROR] LogOutputStream:75 - [STDERR_REDIRECT] Mar 14, 2024 12:39:10 AM java.util.prefs.FileSystemPreferences syncWorld
2024-03-14 00:39:10,658 [ERROR] LogOutputStream:75 - [STDERR_REDIRECT] WARNING: Couldn't flush system prefs: java.util.prefs.BackingStoreException: Couldn't get file lock.
2024-03-14 00:39:10,658 [ERROR] LogOutputStream:75 - [STDERR_REDIRECT] 
2024-03-14 00:39:40,656 [ERROR] LogOutputStream:75 - [STDERR_REDIRECT] Mar 14, 2024 12:39:40 AM java.util.prefs.FileSystemPreferences checkLockFile0ErrorCode
2024-03-14 00:39:40,656 [ERROR] LogOutputStream:75 - [STDERR_REDIRECT] WARNING: Could not lock System prefs. Unix error code 30969.
2024-03-14 00:39:40,656 [ERROR] LogOutputStream:75 - [STDERR_REDIRECT] 
2024-03-14 00:39:40,657 [ERROR] LogOutputStream:75 - [STDERR_REDIRECT] Mar 14, 2024 12:39:40 AM java.util.prefs.FileSystemPreferences syncWorld
2024-03-14 00:39:40,657 [ERROR] LogOutputStream:75 - [STDERR_REDIRECT] WARNING: Couldn't flush system prefs: java.util.prefs.BackingStoreException: Couldn't get file lock.
2024-03-14 00:39:40,657 [ERROR] LogOutputStream:75 - [STDERR_REDIRECT] 
2024-03-14 00:40:10,657 [ERROR] LogOutputStream:75 - [STDERR_REDIRECT] Mar 14, 2024 12:40:10 AM java.util.prefs.FileSystemPreferences checkLockFile0ErrorCode
2024-03-14 00:40:10,657 [ERROR] LogOutputStream:75 - [STDERR_REDIRECT] WARNING: Could not lock System prefs. Unix error code 30969.
2024-03-14 00:40:10,658 [ERROR] LogOutputStream:75 - [STDERR_REDIRECT] 
2024-03-14 00:40:10,658 [ERROR] LogOutputStream:75 - [STDERR_REDIRECT] Mar 14, 2024 12:40:10 AM java.util.prefs.FileSystemPreferences syncWorld
2024-03-14 00:40:10,659 [ERROR] LogOutputStream:75 - [STDERR_REDIRECT] WARNING: Couldn't flush system prefs: java.util.prefs.BackingStoreException: Couldn't get file lock.
2024-03-14 00:40:10,659 [ERROR] LogOutputStream:75 - [STDERR_REDIRECT] 
2024-03-14 00:40:40,659 [ERROR] LogOutputStream:75 - [STDERR_REDIRECT] Mar 14, 2024 12:40:40 AM java.util.prefs.FileSystemPreferences checkLockFile0ErrorCode
2024-03-14 00:40:40,659 [ERROR] LogOutputStream:75 - [STDERR_REDIRECT] WARNING: Could not lock System prefs. Unix error code 30969.
2024-03-14 00:40:40,659 [ERROR] LogOutputStream:75 - [STDERR_REDIRECT] 
2024-03-14 00:40:40,660 [ERROR] LogOutputStream:75 - [STDERR_REDIRECT] Mar 14, 2024 12:40:40 AM java.util.prefs.FileSystemPreferences syncWorld
2024-03-14 00:40:40,660 [ERROR] LogOutputStream:75 - [STDERR_REDIRECT] WARNING: Couldn't flush system prefs: java.util.prefs.BackingStoreException: Couldn't get file lock.
2024-03-14 00:40:40,660 [ERROR] LogOutputStream:75 - [STDERR_REDIRECT] 
2024-03-14 00:40:48,038 [INFO] LogOutputStream:77 - [STDOUT_REDIRECT] 
2024-03-14 00:40:55,590 [ERROR] LogOutputStream:75 - [STDERR_REDIRECT] 
2024-03-14 00:40:55,591 [ERROR] LogOutputStream:75 - [STDERR_REDIRECT] 
