2024-03-14 00:40:42,228 [INFO] UtilMem:75 - End SaveConfig() Used Memory: 207873688 Bytes (580911104)
2024-03-14 00:40:42,346 [INFO] UtilMem:75 - End SaveConfig() Used Memory: 224252928 Bytes (580911104)
2024-03-14 00:40:42,931 [INFO] UtilMem:75 - End SaveConfig() Used Memory: 311666624 Bytes (580911104)
2024-03-14 00:40:43,471 [INFO] BlockDiagram:2759 - set Specific Code input for plugin: SPI
2024-03-14 00:40:43,471 [INFO] BlockDiagram:2759 - set Specific Code input for plugin: TIM1_8
2024-03-14 00:40:43,471 [INFO] BlockDiagram:2759 - set Specific Code input for plugin: TIM1_8
2024-03-14 00:40:43,471 [INFO] BlockDiagram:2759 - set Specific Code input for plugin: SYS
2024-03-14 00:40:43,471 [INFO] BlockDiagram:2759 - set Specific Code input for plugin: RCC
2024-03-14 00:40:43,471 [INFO] BlockDiagram:2759 - set Specific Code input for plugin: NVIC
2024-03-14 00:40:43,472 [INFO] BlockDiagram:2759 - set Specific Code input for plugin: USART
2024-03-14 00:40:43,472 [INFO] BlockDiagram:2759 - set Specific Code input for plugin: TIM1_8
2024-03-14 00:40:43,472 [INFO] BlockDiagram:2759 - set Specific Code input for plugin: UART
2024-03-14 00:40:43,472 [INFO] BlockDiagram:2759 - set Specific Code input for plugin: UART
2024-03-14 00:40:43,472 [INFO] BlockDiagram:2759 - set Specific Code input for plugin: GPIO
2024-03-14 00:40:43,473 [INFO] CodeGenerator:807 - code generatio: config db path: /opt/stm32cubeide/plugins/com.st.stm32cube.common.mx_6.10.0.202311202037//db/
2024-03-14 00:40:43,853 [INFO] CodeEngine:255 - oldGeneratedFile, /home/benjaminowen/AMP_PCBv3/firmware/AMP_PCBv3/MXTmpFiles/license.tmp_save
2024-03-14 00:40:44,236 [INFO] CodeEngine:279 - Generated code: /home/benjaminowen/AMP_PCBv3/firmware/AMP_PCBv3/MXTmpFiles/license.tmp
2024-03-14 00:40:44,336 [INFO] CodeEngine:255 - oldGeneratedFile, /home/benjaminowen/AMP_PCBv3/firmware/AMP_PCBv3/MXTmpFiles/gpio.tmp_save
2024-03-14 00:40:44,476 [INFO] CodeEngine:279 - Generated code: /home/benjaminowen/AMP_PCBv3/firmware/AMP_PCBv3/MXTmpFiles/gpio.tmp
2024-03-14 00:40:45,032 [INFO] CodeEngine:255 - oldGeneratedFile, /home/benjaminowen/AMP_PCBv3/firmware/AMP_PCBv3/Core/Src/stm32f4xx_it.c_save
2024-03-14 00:40:45,209 [INFO] CodeEngine:279 - Generated code: /home/benjaminowen/AMP_PCBv3/firmware/AMP_PCBv3/Core/Src/stm32f4xx_it.c
2024-03-14 00:40:45,212 [INFO] CodeEngine:255 - oldGeneratedFile, /home/benjaminowen/AMP_PCBv3/firmware/AMP_PCBv3/Core/Inc/stm32f4xx_it.h_save
2024-03-14 00:40:45,298 [INFO] CodeEngine:279 - Generated code: /home/benjaminowen/AMP_PCBv3/firmware/AMP_PCBv3/Core/Inc/stm32f4xx_it.h
2024-03-14 00:40:45,304 [INFO] CodeEngine:255 - oldGeneratedFile, /home/benjaminowen/AMP_PCBv3/firmware/AMP_PCBv3/Core/Src/stm32f4xx_hal_msp.c_save
2024-03-14 00:40:45,485 [INFO] CodeEngine:279 - Generated code: /home/benjaminowen/AMP_PCBv3/firmware/AMP_PCBv3/Core/Src/stm32f4xx_hal_msp.c
2024-03-14 00:40:45,487 [INFO] CodeEngine:255 - oldGeneratedFile, /home/benjaminowen/AMP_PCBv3/firmware/AMP_PCBv3/MXTmpFiles/system.tmp_save
2024-03-14 00:40:45,580 [INFO] CodeEngine:279 - Generated code: /home/benjaminowen/AMP_PCBv3/firmware/AMP_PCBv3/MXTmpFiles/system.tmp
2024-03-14 00:40:45,585 [INFO] CodeEngine:311 - oldGeneratedFile, /home/benjaminowen/AMP_PCBv3/firmware/AMP_PCBv3/Core/Inc/stm32f4xx_hal_conf.h_save
2024-03-14 00:40:45,682 [INFO] CodeEngine:335 - Generated code: /home/benjaminowen/AMP_PCBv3/firmware/AMP_PCBv3/Core/Inc/stm32f4xx_hal_conf.h
2024-03-14 00:40:45,714 [WARN] IPConfigManager:2946 - Warning: the RefConfig PLL2P_FOR_MCO is not available in your config.xml file
2024-03-14 00:40:45,720 [WARN] IPConfigManager:3440 - IP not found : TIM
2024-03-14 00:40:45,721 [WARN] CodeGenerator:3939 - IP not found : null
2024-03-14 00:40:45,724 [INFO] CodeEngine:255 - oldGeneratedFile, /home/benjaminowen/AMP_PCBv3/firmware/AMP_PCBv3/Core/Inc/main.h_save
2024-03-14 00:40:45,831 [INFO] CodeEngine:279 - Generated code: /home/benjaminowen/AMP_PCBv3/firmware/AMP_PCBv3/Core/Inc/main.h
2024-03-14 00:40:45,833 [INFO] CodeEngine:255 - oldGeneratedFile, /home/benjaminowen/AMP_PCBv3/firmware/AMP_PCBv3/Core/Src/main.c_save
2024-03-14 00:40:46,036 [INFO] CodeEngine:279 - Generated code: /home/benjaminowen/AMP_PCBv3/firmware/AMP_PCBv3/Core/Src/main.c
2024-03-14 00:40:46,496 [INFO] ProjectBuilder:3076 - Time for Copy HAL[1] : 29mS.
2024-03-14 00:40:46,500 [INFO] ProjectBuilder:4485 - Project Generator version: 4.2.0-B44
2024-03-14 00:40:46,925 [INFO] ConfigFileManager:1495 - The Die is : DIE421
2024-03-14 00:40:46,935 [INFO] ApiDbMcu:508 - Load IP Config File for FATFS
2024-03-14 00:40:46,943 [INFO] ApiDbMcu:508 - Load IP Config File for FREERTOS
2024-03-14 00:40:46,945 [INFO] ApiDbMcu:508 - Load IP Config File for LIBJPEG
2024-03-14 00:40:46,953 [INFO] ApiDbMcu:508 - Load IP Config File for MBEDTLS
2024-03-14 00:40:46,965 [INFO] ApiDbMcu:508 - Load IP Config File for USB_DEVICE
2024-03-14 00:40:46,971 [INFO] ApiDbMcu:508 - Load IP Config File for USB_HOST
2024-03-14 00:40:49,341 [INFO] ProjectBuilder:4747 - Time for Generating toolchain IDE Files: 2840mS.
2024-03-14 00:40:49,342 [INFO] ProjectBuilder:2947 - Time for Copy CMSIS : 1mS.
2024-03-14 00:40:49,343 [INFO] ProjectBuilder:2947 - Time for Copy CMSIS : 0mS.
